[ 2017-04-07T11:44:07+08:00 ] ::1 /
INFO: [ app_init ] --START--
INFO: Run Behavior\BuildLiteBehavior [ RunTime:0.000000s ]
INFO: [ app_init ] --END-- [ RunTime:0.001000s ]
INFO: [ app_begin ] --START--
INFO: Run Behavior\ReadHtmlCacheBehavior [ RunTime:0.001000s ]
INFO: [ app_begin ] --END-- [ RunTime:0.001000s ]
NOTIC: [2] Missing argument 1 for Think\Controller::show(), called in E:\CMAS\Application\Home\Controller\IndexController.class.php on line 6 and defined E:\CMAS\ThinkPHP\Library\Think\Controller.class.php 第 68 行.
NOTIC: [8] Undefined variable: content E:\CMAS\ThinkPHP\Library\Think\Controller.class.php 第 69 行.
INFO: [ view_parse ] --START--
INFO: [ template_filter ] --START--
INFO: Run Behavior\ContentReplaceBehavior [ RunTime:0.000000s ]
INFO: [ template_filter ] --END-- [ RunTime:0.000000s ]
INFO: Run Behavior\ParseTemplateBehavior [ RunTime:0.018001s ]
INFO: [ view_parse ] --END-- [ RunTime:0.018001s ]
INFO: [ view_filter ] --START--
INFO: Run Behavior\WriteHtmlCacheBehavior [ RunTime:0.001000s ]
INFO: [ view_filter ] --END-- [ RunTime:0.001000s ]
INFO: [ app_end ] --START--
INFO: Run Behavior\ShowPageTraceBehavior [ RunTime:0.001000s ]
INFO: [ app_end ] --END-- [ RunTime:0.001000s ]

[ 2017-04-07T11:44:09+08:00 ] ::1 /Home/FbaFee/test
INFO: [ app_init ] --START--
INFO: Run Behavior\BuildLiteBehavior [ RunTime:0.000000s ]
INFO: [ app_init ] --END-- [ RunTime:0.000000s ]
INFO: [ app_begin ] --START--
INFO: Run Behavior\ReadHtmlCacheBehavior [ RunTime:0.000000s ]
INFO: [ app_begin ] --END-- [ RunTime:0.000000s ]

[ 2017-04-07T11:44:23+08:00 ] ::1 /Home/FbaFee/test
INFO: [ app_init ] --START--
INFO: Run Behavior\BuildLiteBehavior [ RunTime:0.000000s ]
INFO: [ app_init ] --END-- [ RunTime:0.000000s ]
INFO: [ app_begin ] --START--
INFO: Run Behavior\ReadHtmlCacheBehavior [ RunTime:0.000000s ]
INFO: [ app_begin ] --END-- [ RunTime:0.000000s ]

[ 2017-04-07T11:44:38+08:00 ] ::1 /Home/FbaFee/test
INFO: [ app_init ] --START--
INFO: Run Behavior\BuildLiteBehavior [ RunTime:0.000000s ]
INFO: [ app_init ] --END-- [ RunTime:0.000000s ]
INFO: [ app_begin ] --START--
INFO: Run Behavior\ReadHtmlCacheBehavior [ RunTime:0.000000s ]
INFO: [ app_begin ] --END-- [ RunTime:0.000000s ]

[ 2017-04-07T11:49:42+08:00 ] ::1 /Home/FbaFee/test
INFO: [ app_init ] --START--
INFO: Run Behavior\BuildLiteBehavior [ RunTime:0.000000s ]
INFO: [ app_init ] --END-- [ RunTime:0.000000s ]
INFO: [ app_begin ] --START--
INFO: Run Behavior\ReadHtmlCacheBehavior [ RunTime:0.000000s ]
INFO: [ app_begin ] --END-- [ RunTime:0.000000s ]

[ 2017-04-07T11:49:50+08:00 ] ::1 /Home/FbaFee/test
INFO: [ app_init ] --START--
INFO: Run Behavior\BuildLiteBehavior [ RunTime:0.000000s ]
INFO: [ app_init ] --END-- [ RunTime:0.000000s ]
INFO: [ app_begin ] --START--
INFO: Run Behavior\ReadHtmlCacheBehavior [ RunTime:0.015600s ]
INFO: [ app_begin ] --END-- [ RunTime:0.015600s ]

[ 2017-04-07T11:50:06+08:00 ] ::1 /Home/FbaFee/test
INFO: [ app_init ] --START--
INFO: Run Behavior\BuildLiteBehavior [ RunTime:0.000000s ]
INFO: [ app_init ] --END-- [ RunTime:0.000000s ]
INFO: [ app_begin ] --START--
INFO: Run Behavior\ReadHtmlCacheBehavior [ RunTime:0.000000s ]
INFO: [ app_begin ] --END-- [ RunTime:0.000000s ]

[ 2017-04-07T11:51:11+08:00 ] ::1 /Home/FbaFee/calculation
INFO: [ app_init ] --START--
INFO: Run Behavior\BuildLiteBehavior [ RunTime:0.000000s ]
INFO: [ app_init ] --END-- [ RunTime:0.000000s ]
INFO: [ app_begin ] --START--
INFO: Run Behavior\ReadHtmlCacheBehavior [ RunTime:0.000000s ]
INFO: [ app_begin ] --END-- [ RunTime:0.000000s ]

[ 2017-04-07T11:51:27+08:00 ] ::1 /Home/FbaFee/calculation
INFO: [ app_init ] --START--
INFO: Run Behavior\BuildLiteBehavior [ RunTime:0.000000s ]
INFO: [ app_init ] --END-- [ RunTime:0.000000s ]
INFO: [ app_begin ] --START--
INFO: Run Behavior\ReadHtmlCacheBehavior [ RunTime:0.000000s ]
INFO: [ app_begin ] --END-- [ RunTime:0.000000s ]

[ 2017-04-07T14:55:42+08:00 ] ::1 /
INFO: [ app_init ] --START--
INFO: Run Behavior\BuildLiteBehavior [ RunTime:0.000000s ]
INFO: [ app_init ] --END-- [ RunTime:0.001000s ]
INFO: [ app_begin ] --START--
INFO: Run Behavior\ReadHtmlCacheBehavior [ RunTime:0.000000s ]
INFO: [ app_begin ] --END-- [ RunTime:0.000000s ]
NOTIC: [2] Missing argument 1 for Think\Controller::show(), called in E:\CMAS\Application\Home\Controller\IndexController.class.php on line 6 and defined E:\CMAS\ThinkPHP\Library\Think\Controller.class.php 第 68 行.
NOTIC: [8] Undefined variable: content E:\CMAS\ThinkPHP\Library\Think\Controller.class.php 第 69 行.
INFO: [ view_parse ] --START--
INFO: [ template_filter ] --START--
INFO: Run Behavior\ContentReplaceBehavior [ RunTime:0.000000s ]
INFO: [ template_filter ] --END-- [ RunTime:0.000000s ]
INFO: Run Behavior\ParseTemplateBehavior [ RunTime:0.019001s ]
INFO: [ view_parse ] --END-- [ RunTime:0.019001s ]
INFO: [ view_filter ] --START--
INFO: Run Behavior\WriteHtmlCacheBehavior [ RunTime:0.001000s ]
INFO: [ view_filter ] --END-- [ RunTime:0.001000s ]
INFO: [ app_end ] --START--
INFO: Run Behavior\ShowPageTraceBehavior [ RunTime:0.000000s ]
INFO: [ app_end ] --END-- [ RunTime:0.000000s ]

[ 2017-04-07T14:55:45+08:00 ] ::1 /Home/SkuDetail/index
INFO: [ app_init ] --START--
INFO: Run Behavior\BuildLiteBehavior [ RunTime:0.000000s ]
INFO: [ app_init ] --END-- [ RunTime:0.000000s ]
INFO: [ app_begin ] --START--
INFO: Run Behavior\ReadHtmlCacheBehavior [ RunTime:0.001000s ]
INFO: [ app_begin ] --END-- [ RunTime:0.001000s ]
SQL: SHOW COLUMNS FROM `think_sku_detail` [ RunTime:0.0110s ]
SQL: SELECT * FROM `think_sku_detail`  [ RunTime:0.0010s ]
INFO: [ view_parse ] --START--
INFO: [ template_filter ] --START--
INFO: Run Behavior\ContentReplaceBehavior [ RunTime:0.000000s ]
INFO: [ template_filter ] --END-- [ RunTime:0.000000s ]
INFO: Run Behavior\ParseTemplateBehavior [ RunTime:0.023001s ]
INFO: [ view_parse ] --END-- [ RunTime:0.023001s ]
INFO: [ view_filter ] --START--
INFO: Run Behavior\WriteHtmlCacheBehavior [ RunTime:0.000000s ]
INFO: [ view_filter ] --END-- [ RunTime:0.000000s ]
INFO: [ app_end ] --START--
INFO: Run Behavior\ShowPageTraceBehavior [ RunTime:0.000000s ]
INFO: [ app_end ] --END-- [ RunTime:0.000000s ]

[ 2017-04-07T14:55:47+08:00 ] ::1 /Home/SkuDetail/add
INFO: [ app_init ] --START--
INFO: Run Behavior\BuildLiteBehavior [ RunTime:0.001000s ]
INFO: [ app_init ] --END-- [ RunTime:0.001000s ]
INFO: [ app_begin ] --START--
INFO: Run Behavior\ReadHtmlCacheBehavior [ RunTime:0.001000s ]
INFO: [ app_begin ] --END-- [ RunTime:0.001000s ]
INFO: [ view_parse ] --START--
INFO: [ template_filter ] --START--
INFO: Run Behavior\ContentReplaceBehavior [ RunTime:0.000000s ]
INFO: [ template_filter ] --END-- [ RunTime:0.001000s ]
INFO: Run Behavior\ParseTemplateBehavior [ RunTime:0.028001s ]
INFO: [ view_parse ] --END-- [ RunTime:0.028001s ]
INFO: [ view_filter ] --START--
INFO: Run Behavior\WriteHtmlCacheBehavior [ RunTime:0.001000s ]
INFO: [ view_filter ] --END-- [ RunTime:0.001000s ]
INFO: [ app_end ] --START--
INFO: Run Behavior\ShowPageTraceBehavior [ RunTime:0.001000s ]
INFO: [ app_end ] --END-- [ RunTime:0.001000s ]

[ 2017-04-07T15:00:39+08:00 ] ::1 /Home/SkuDetail/add
INFO: [ app_init ] --START--
INFO: Run Behavior\BuildLiteBehavior [ RunTime:0.000000s ]
INFO: [ app_init ] --END-- [ RunTime:0.000000s ]
INFO: [ app_begin ] --START--
INFO: Run Behavior\ReadHtmlCacheBehavior [ RunTime:0.000000s ]
INFO: [ app_begin ] --END-- [ RunTime:0.001000s ]
INFO: [ view_parse ] --START--
INFO: [ template_filter ] --START--
INFO: Run Behavior\ContentReplaceBehavior [ RunTime:0.000000s ]
INFO: [ template_filter ] --END-- [ RunTime:0.000000s ]
INFO: Run Behavior\ParseTemplateBehavior [ RunTime:0.011001s ]
INFO: [ view_parse ] --END-- [ RunTime:0.011001s ]
INFO: [ view_filter ] --START--
INFO: Run Behavior\WriteHtmlCacheBehavior [ RunTime:0.001000s ]
INFO: [ view_filter ] --END-- [ RunTime:0.001000s ]
INFO: [ app_end ] --START--
INFO: Run Behavior\ShowPageTraceBehavior [ RunTime:0.000000s ]
INFO: [ app_end ] --END-- [ RunTime:0.000000s ]

[ 2017-04-07T15:39:51+08:00 ] ::1 /Home/SkuDetail/test
INFO: [ app_init ] --START--
INFO: Run Behavior\BuildLiteBehavior [ RunTime:0.000000s ]
INFO: [ app_init ] --END-- [ RunTime:0.000000s ]
INFO: [ app_begin ] --START--
INFO: Run Behavior\ReadHtmlCacheBehavior [ RunTime:0.000000s ]
INFO: [ app_begin ] --END-- [ RunTime:0.000000s ]

[ 2017-04-07T15:40:20+08:00 ] ::1 /Home/SkuDetail/test
INFO: [ app_init ] --START--
INFO: Run Behavior\BuildLiteBehavior [ RunTime:0.000000s ]
INFO: [ app_init ] --END-- [ RunTime:0.000000s ]
INFO: [ app_begin ] --START--
INFO: Run Behavior\ReadHtmlCacheBehavior [ RunTime:0.000000s ]
INFO: [ app_begin ] --END-- [ RunTime:0.000000s ]

[ 2017-04-07T15:40:26+08:00 ] ::1 /Home/SkuDetail/test
INFO: [ app_init ] --START--
INFO: Run Behavior\BuildLiteBehavior [ RunTime:0.000000s ]
INFO: [ app_init ] --END-- [ RunTime:0.000000s ]
INFO: [ app_begin ] --START--
INFO: Run Behavior\ReadHtmlCacheBehavior [ RunTime:0.000000s ]
INFO: [ app_begin ] --END-- [ RunTime:0.000000s ]

[ 2017-04-07T15:40:48+08:00 ] ::1 /Home/SkuDetail/test
INFO: [ app_init ] --START--
INFO: Run Behavior\BuildLiteBehavior [ RunTime:0.000000s ]
INFO: [ app_init ] --END-- [ RunTime:0.000000s ]
INFO: [ app_begin ] --START--
INFO: Run Behavior\ReadHtmlCacheBehavior [ RunTime:0.000000s ]
INFO: [ app_begin ] --END-- [ RunTime:0.000000s ]
NOTIC: [8] Use of undefined constant i - assumed 'i' E:\CMAS\Application\Home\Controller\SkuDetailController.class.php 第 165 行.
NOTIC: [8] Undefined index: i E:\CMAS\Application\Home\Controller\SkuDetailController.class.php 第 165 行.
NOTIC: [8] Use of undefined constant j - assumed 'j' E:\CMAS\Application\Home\Controller\SkuDetailController.class.php 第 165 行.
NOTIC: [8] Undefined index: j E:\CMAS\Application\Home\Controller\SkuDetailController.class.php 第 165 行.
NOTIC: [8] Use of undefined constant i - assumed 'i' E:\CMAS\Application\Home\Controller\SkuDetailController.class.php 第 165 行.
NOTIC: [8] Undefined index: i E:\CMAS\Application\Home\Controller\SkuDetailController.class.php 第 165 行.
NOTIC: [8] Use of undefined constant j - assumed 'j' E:\CMAS\Application\Home\Controller\SkuDetailController.class.php 第 165 行.
NOTIC: [8] Undefined index: j E:\CMAS\Application\Home\Controller\SkuDetailController.class.php 第 165 行.
NOTIC: [8] Use of undefined constant i - assumed 'i' E:\CMAS\Application\Home\Controller\SkuDetailController.class.php 第 165 行.
NOTIC: [8] Undefined index: i E:\CMAS\Application\Home\Controller\SkuDetailController.class.php 第 165 行.
NOTIC: [8] Use of undefined constant j - assumed 'j' E:\CMAS\Application\Home\Controller\SkuDetailController.class.php 第 165 行.
NOTIC: [8] Undefined index: j E:\CMAS\Application\Home\Controller\SkuDetailController.class.php 第 165 行.

[ 2017-04-07T15:41:03+08:00 ] ::1 /Home/SkuDetail/test
INFO: [ app_init ] --START--
INFO: Run Behavior\BuildLiteBehavior [ RunTime:0.000000s ]
INFO: [ app_init ] --END-- [ RunTime:0.000000s ]
INFO: [ app_begin ] --START--
INFO: Run Behavior\ReadHtmlCacheBehavior [ RunTime:0.000000s ]
INFO: [ app_begin ] --END-- [ RunTime:0.000000s ]
NOTIC: [8] Use of undefined constant i - assumed 'i' E:\CMAS\Application\Home\Controller\SkuDetailController.class.php 第 165 行.
NOTIC: [8] Undefined index: i E:\CMAS\Application\Home\Controller\SkuDetailController.class.php 第 165 行.
NOTIC: [8] Use of undefined constant j - assumed 'j' E:\CMAS\Application\Home\Controller\SkuDetailController.class.php 第 165 行.
NOTIC: [8] Undefined index: j E:\CMAS\Application\Home\Controller\SkuDetailController.class.php 第 165 行.
NOTIC: [8] Use of undefined constant i - assumed 'i' E:\CMAS\Application\Home\Controller\SkuDetailController.class.php 第 165 行.
NOTIC: [8] Undefined index: i E:\CMAS\Application\Home\Controller\SkuDetailController.class.php 第 165 行.
NOTIC: [8] Use of undefined constant j - assumed 'j' E:\CMAS\Application\Home\Controller\SkuDetailController.class.php 第 165 行.
NOTIC: [8] Undefined index: j E:\CMAS\Application\Home\Controller\SkuDetailController.class.php 第 165 行.
NOTIC: [8] Use of undefined constant i - assumed 'i' E:\CMAS\Application\Home\Controller\SkuDetailController.class.php 第 165 行.
NOTIC: [8] Undefined index: i E:\CMAS\Application\Home\Controller\SkuDetailController.class.php 第 165 行.
NOTIC: [8] Use of undefined constant j - assumed 'j' E:\CMAS\Application\Home\Controller\SkuDetailController.class.php 第 165 行.
NOTIC: [8] Undefined index: j E:\CMAS\Application\Home\Controller\SkuDetailController.class.php 第 165 行.

[ 2017-04-07T15:41:04+08:00 ] ::1 /Home/SkuDetail/test
INFO: [ app_init ] --START--
INFO: Run Behavior\BuildLiteBehavior [ RunTime:0.000000s ]
INFO: [ app_init ] --END-- [ RunTime:0.000000s ]
INFO: [ app_begin ] --START--
INFO: Run Behavior\ReadHtmlCacheBehavior [ RunTime:0.000000s ]
INFO: [ app_begin ] --END-- [ RunTime:0.000000s ]
NOTIC: [8] Use of undefined constant i - assumed 'i' E:\CMAS\Application\Home\Controller\SkuDetailController.class.php 第 165 行.
NOTIC: [8] Undefined index: i E:\CMAS\Application\Home\Controller\SkuDetailController.class.php 第 165 行.
NOTIC: [8] Use of undefined constant j - assumed 'j' E:\CMAS\Application\Home\Controller\SkuDetailController.class.php 第 165 行.
NOTIC: [8] Undefined index: j E:\CMAS\Application\Home\Controller\SkuDetailController.class.php 第 165 行.
NOTIC: [8] Use of undefined constant i - assumed 'i' E:\CMAS\Application\Home\Controller\SkuDetailController.class.php 第 165 行.
NOTIC: [8] Undefined index: i E:\CMAS\Application\Home\Controller\SkuDetailController.class.php 第 165 行.
NOTIC: [8] Use of undefined constant j - assumed 'j' E:\CMAS\Application\Home\Controller\SkuDetailController.class.php 第 165 行.
NOTIC: [8] Undefined index: j E:\CMAS\Application\Home\Controller\SkuDetailController.class.php 第 165 行.
NOTIC: [8] Use of undefined constant i - assumed 'i' E:\CMAS\Application\Home\Controller\SkuDetailController.class.php 第 165 行.
NOTIC: [8] Undefined index: i E:\CMAS\Application\Home\Controller\SkuDetailController.class.php 第 165 行.
NOTIC: [8] Use of undefined constant j - assumed 'j' E:\CMAS\Application\Home\Controller\SkuDetailController.class.php 第 165 行.
NOTIC: [8] Undefined index: j E:\CMAS\Application\Home\Controller\SkuDetailController.class.php 第 165 行.

[ 2017-04-07T15:41:04+08:00 ] ::1 /Home/SkuDetail/test
INFO: [ app_init ] --START--
INFO: Run Behavior\BuildLiteBehavior [ RunTime:0.000000s ]
INFO: [ app_init ] --END-- [ RunTime:0.000000s ]
INFO: [ app_begin ] --START--
INFO: Run Behavior\ReadHtmlCacheBehavior [ RunTime:0.000000s ]
INFO: [ app_begin ] --END-- [ RunTime:0.000000s ]
NOTIC: [8] Use of undefined constant i - assumed 'i' E:\CMAS\Application\Home\Controller\SkuDetailController.class.php 第 165 行.
NOTIC: [8] Undefined index: i E:\CMAS\Application\Home\Controller\SkuDetailController.class.php 第 165 行.
NOTIC: [8] Use of undefined constant j - assumed 'j' E:\CMAS\Application\Home\Controller\SkuDetailController.class.php 第 165 行.
NOTIC: [8] Undefined index: j E:\CMAS\Application\Home\Controller\SkuDetailController.class.php 第 165 行.
NOTIC: [8] Use of undefined constant i - assumed 'i' E:\CMAS\Application\Home\Controller\SkuDetailController.class.php 第 165 行.
NOTIC: [8] Undefined index: i E:\CMAS\Application\Home\Controller\SkuDetailController.class.php 第 165 行.
NOTIC: [8] Use of undefined constant j - assumed 'j' E:\CMAS\Application\Home\Controller\SkuDetailController.class.php 第 165 行.
NOTIC: [8] Undefined index: j E:\CMAS\Application\Home\Controller\SkuDetailController.class.php 第 165 行.
NOTIC: [8] Use of undefined constant i - assumed 'i' E:\CMAS\Application\Home\Controller\SkuDetailController.class.php 第 165 行.
NOTIC: [8] Undefined index: i E:\CMAS\Application\Home\Controller\SkuDetailController.class.php 第 165 行.
NOTIC: [8] Use of undefined constant j - assumed 'j' E:\CMAS\Application\Home\Controller\SkuDetailController.class.php 第 165 行.
NOTIC: [8] Undefined index: j E:\CMAS\Application\Home\Controller\SkuDetailController.class.php 第 165 行.

[ 2017-04-07T15:41:05+08:00 ] ::1 /Home/SkuDetail/test
INFO: [ app_init ] --START--
INFO: Run Behavior\BuildLiteBehavior [ RunTime:0.000000s ]
INFO: [ app_init ] --END-- [ RunTime:0.000000s ]
INFO: [ app_begin ] --START--
INFO: Run Behavior\ReadHtmlCacheBehavior [ RunTime:0.001000s ]
INFO: [ app_begin ] --END-- [ RunTime:0.001000s ]
NOTIC: [8] Use of undefined constant i - assumed 'i' E:\CMAS\Application\Home\Controller\SkuDetailController.class.php 第 165 行.
NOTIC: [8] Undefined index: i E:\CMAS\Application\Home\Controller\SkuDetailController.class.php 第 165 行.
NOTIC: [8] Use of undefined constant j - assumed 'j' E:\CMAS\Application\Home\Controller\SkuDetailController.class.php 第 165 行.
NOTIC: [8] Undefined index: j E:\CMAS\Application\Home\Controller\SkuDetailController.class.php 第 165 行.
NOTIC: [8] Use of undefined constant i - assumed 'i' E:\CMAS\Application\Home\Controller\SkuDetailController.class.php 第 165 行.
NOTIC: [8] Undefined index: i E:\CMAS\Application\Home\Controller\SkuDetailController.class.php 第 165 行.
NOTIC: [8] Use of undefined constant j - assumed 'j' E:\CMAS\Application\Home\Controller\SkuDetailController.class.php 第 165 行.
NOTIC: [8] Undefined index: j E:\CMAS\Application\Home\Controller\SkuDetailController.class.php 第 165 行.
NOTIC: [8] Use of undefined constant i - assumed 'i' E:\CMAS\Application\Home\Controller\SkuDetailController.class.php 第 165 行.
NOTIC: [8] Undefined index: i E:\CMAS\Application\Home\Controller\SkuDetailController.class.php 第 165 行.
NOTIC: [8] Use of undefined constant j - assumed 'j' E:\CMAS\Application\Home\Controller\SkuDetailController.class.php 第 165 行.
NOTIC: [8] Undefined index: j E:\CMAS\Application\Home\Controller\SkuDetailController.class.php 第 165 行.

[ 2017-04-07T15:42:50+08:00 ] ::1 /Home/SkuDetail/test
INFO: [ app_init ] --START--
INFO: Run Behavior\BuildLiteBehavior [ RunTime:0.000000s ]
INFO: [ app_init ] --END-- [ RunTime:0.000000s ]
INFO: [ app_begin ] --START--
INFO: Run Behavior\ReadHtmlCacheBehavior [ RunTime:0.000000s ]
INFO: [ app_begin ] --END-- [ RunTime:0.000000s ]
NOTIC: [8] Use of undefined constant i - assumed 'i' E:\CMAS\Application\Home\Controller\SkuDetailController.class.php 第 165 行.
NOTIC: [8] Undefined index: i E:\CMAS\Application\Home\Controller\SkuDetailController.class.php 第 165 行.
NOTIC: [8] Use of undefined constant j - assumed 'j' E:\CMAS\Application\Home\Controller\SkuDetailController.class.php 第 165 行.
NOTIC: [8] Undefined index: j E:\CMAS\Application\Home\Controller\SkuDetailController.class.php 第 165 行.
NOTIC: [8] Use of undefined constant i - assumed 'i' E:\CMAS\Application\Home\Controller\SkuDetailController.class.php 第 165 行.
NOTIC: [8] Undefined index: i E:\CMAS\Application\Home\Controller\SkuDetailController.class.php 第 165 行.
NOTIC: [8] Use of undefined constant j - assumed 'j' E:\CMAS\Application\Home\Controller\SkuDetailController.class.php 第 165 行.
NOTIC: [8] Undefined index: j E:\CMAS\Application\Home\Controller\SkuDetailController.class.php 第 165 行.
NOTIC: [8] Use of undefined constant i - assumed 'i' E:\CMAS\Application\Home\Controller\SkuDetailController.class.php 第 165 行.
NOTIC: [8] Undefined index: i E:\CMAS\Application\Home\Controller\SkuDetailController.class.php 第 165 行.
NOTIC: [8] Use of undefined constant j - assumed 'j' E:\CMAS\Application\Home\Controller\SkuDetailController.class.php 第 165 行.
NOTIC: [8] Undefined index: j E:\CMAS\Application\Home\Controller\SkuDetailController.class.php 第 165 行.

[ 2017-04-07T15:43:11+08:00 ] ::1 /Home/SkuDetail/test
INFO: [ app_init ] --START--
INFO: Run Behavior\BuildLiteBehavior [ RunTime:0.000000s ]
INFO: [ app_init ] --END-- [ RunTime:0.001000s ]
INFO: [ app_begin ] --START--
INFO: Run Behavior\ReadHtmlCacheBehavior [ RunTime:0.000000s ]
INFO: [ app_begin ] --END-- [ RunTime:0.000000s ]
NOTIC: [8] Use of undefined constant i - assumed 'i' E:\CMAS\Application\Home\Controller\SkuDetailController.class.php 第 165 行.
NOTIC: [8] Undefined index: i E:\CMAS\Application\Home\Controller\SkuDetailController.class.php 第 165 行.
NOTIC: [8] Use of undefined constant j - assumed 'j' E:\CMAS\Application\Home\Controller\SkuDetailController.class.php 第 165 行.
NOTIC: [8] Undefined index: j E:\CMAS\Application\Home\Controller\SkuDetailController.class.php 第 165 行.
NOTIC: [8] Use of undefined constant i - assumed 'i' E:\CMAS\Application\Home\Controller\SkuDetailController.class.php 第 165 行.
NOTIC: [8] Undefined index: i E:\CMAS\Application\Home\Controller\SkuDetailController.class.php 第 165 行.
NOTIC: [8] Use of undefined constant j - assumed 'j' E:\CMAS\Application\Home\Controller\SkuDetailController.class.php 第 165 行.
NOTIC: [8] Undefined index: j E:\CMAS\Application\Home\Controller\SkuDetailController.class.php 第 165 行.
NOTIC: [8] Use of undefined constant i - assumed 'i' E:\CMAS\Application\Home\Controller\SkuDetailController.class.php 第 165 行.
NOTIC: [8] Undefined index: i E:\CMAS\Application\Home\Controller\SkuDetailController.class.php 第 165 行.
NOTIC: [8] Use of undefined constant j - assumed 'j' E:\CMAS\Application\Home\Controller\SkuDetailController.class.php 第 165 行.
NOTIC: [8] Undefined index: j E:\CMAS\Application\Home\Controller\SkuDetailController.class.php 第 165 行.

[ 2017-04-07T15:43:12+08:00 ] ::1 /Home/SkuDetail/test
INFO: [ app_init ] --START--
INFO: Run Behavior\BuildLiteBehavior [ RunTime:0.000000s ]
INFO: [ app_init ] --END-- [ RunTime:0.000000s ]
INFO: [ app_begin ] --START--
INFO: Run Behavior\ReadHtmlCacheBehavior [ RunTime:0.000000s ]
INFO: [ app_begin ] --END-- [ RunTime:0.000000s ]
NOTIC: [8] Use of undefined constant i - assumed 'i' E:\CMAS\Application\Home\Controller\SkuDetailController.class.php 第 165 行.
NOTIC: [8] Undefined index: i E:\CMAS\Application\Home\Controller\SkuDetailController.class.php 第 165 行.
NOTIC: [8] Use of undefined constant j - assumed 'j' E:\CMAS\Application\Home\Controller\SkuDetailController.class.php 第 165 行.
NOTIC: [8] Undefined index: j E:\CMAS\Application\Home\Controller\SkuDetailController.class.php 第 165 行.
NOTIC: [8] Use of undefined constant i - assumed 'i' E:\CMAS\Application\Home\Controller\SkuDetailController.class.php 第 165 行.
NOTIC: [8] Undefined index: i E:\CMAS\Application\Home\Controller\SkuDetailController.class.php 第 165 行.
NOTIC: [8] Use of undefined constant j - assumed 'j' E:\CMAS\Application\Home\Controller\SkuDetailController.class.php 第 165 行.
NOTIC: [8] Undefined index: j E:\CMAS\Application\Home\Controller\SkuDetailController.class.php 第 165 行.
NOTIC: [8] Use of undefined constant i - assumed 'i' E:\CMAS\Application\Home\Controller\SkuDetailController.class.php 第 165 行.
NOTIC: [8] Undefined index: i E:\CMAS\Application\Home\Controller\SkuDetailController.class.php 第 165 行.
NOTIC: [8] Use of undefined constant j - assumed 'j' E:\CMAS\Application\Home\Controller\SkuDetailController.class.php 第 165 行.
NOTIC: [8] Undefined index: j E:\CMAS\Application\Home\Controller\SkuDetailController.class.php 第 165 行.

[ 2017-04-07T15:43:13+08:00 ] ::1 /Home/SkuDetail/test
INFO: [ app_init ] --START--
INFO: Run Behavior\BuildLiteBehavior [ RunTime:0.000000s ]
INFO: [ app_init ] --END-- [ RunTime:0.000000s ]
INFO: [ app_begin ] --START--
INFO: Run Behavior\ReadHtmlCacheBehavior [ RunTime:0.000000s ]
INFO: [ app_begin ] --END-- [ RunTime:0.000000s ]
NOTIC: [8] Use of undefined constant i - assumed 'i' E:\CMAS\Application\Home\Controller\SkuDetailController.class.php 第 165 行.
NOTIC: [8] Undefined index: i E:\CMAS\Application\Home\Controller\SkuDetailController.class.php 第 165 行.
NOTIC: [8] Use of undefined constant j - assumed 'j' E:\CMAS\Application\Home\Controller\SkuDetailController.class.php 第 165 行.
NOTIC: [8] Undefined index: j E:\CMAS\Application\Home\Controller\SkuDetailController.class.php 第 165 行.
NOTIC: [8] Use of undefined constant i - assumed 'i' E:\CMAS\Application\Home\Controller\SkuDetailController.class.php 第 165 行.
NOTIC: [8] Undefined index: i E:\CMAS\Application\Home\Controller\SkuDetailController.class.php 第 165 行.
NOTIC: [8] Use of undefined constant j - assumed 'j' E:\CMAS\Application\Home\Controller\SkuDetailController.class.php 第 165 行.
NOTIC: [8] Undefined index: j E:\CMAS\Application\Home\Controller\SkuDetailController.class.php 第 165 行.
NOTIC: [8] Use of undefined constant i - assumed 'i' E:\CMAS\Application\Home\Controller\SkuDetailController.class.php 第 165 行.
NOTIC: [8] Undefined index: i E:\CMAS\Application\Home\Controller\SkuDetailController.class.php 第 165 行.
NOTIC: [8] Use of undefined constant j - assumed 'j' E:\CMAS\Application\Home\Controller\SkuDetailController.class.php 第 165 行.
NOTIC: [8] Undefined index: j E:\CMAS\Application\Home\Controller\SkuDetailController.class.php 第 165 行.

[ 2017-04-07T15:43:13+08:00 ] ::1 /Home/SkuDetail/test
INFO: [ app_init ] --START--
INFO: Run Behavior\BuildLiteBehavior [ RunTime:0.000000s ]
INFO: [ app_init ] --END-- [ RunTime:0.000000s ]
INFO: [ app_begin ] --START--
INFO: Run Behavior\ReadHtmlCacheBehavior [ RunTime:0.000000s ]
INFO: [ app_begin ] --END-- [ RunTime:0.000000s ]
NOTIC: [8] Use of undefined constant i - assumed 'i' E:\CMAS\Application\Home\Controller\SkuDetailController.class.php 第 165 行.
NOTIC: [8] Undefined index: i E:\CMAS\Application\Home\Controller\SkuDetailController.class.php 第 165 行.
NOTIC: [8] Use of undefined constant j - assumed 'j' E:\CMAS\Application\Home\Controller\SkuDetailController.class.php 第 165 行.
NOTIC: [8] Undefined index: j E:\CMAS\Application\Home\Controller\SkuDetailController.class.php 第 165 行.
NOTIC: [8] Use of undefined constant i - assumed 'i' E:\CMAS\Application\Home\Controller\SkuDetailController.class.php 第 165 行.
NOTIC: [8] Undefined index: i E:\CMAS\Application\Home\Controller\SkuDetailController.class.php 第 165 行.
NOTIC: [8] Use of undefined constant j - assumed 'j' E:\CMAS\Application\Home\Controller\SkuDetailController.class.php 第 165 行.
NOTIC: [8] Undefined index: j E:\CMAS\Application\Home\Controller\SkuDetailController.class.php 第 165 行.
NOTIC: [8] Use of undefined constant i - assumed 'i' E:\CMAS\Application\Home\Controller\SkuDetailController.class.php 第 165 行.
NOTIC: [8] Undefined index: i E:\CMAS\Application\Home\Controller\SkuDetailController.class.php 第 165 行.
NOTIC: [8] Use of undefined constant j - assumed 'j' E:\CMAS\Application\Home\Controller\SkuDetailController.class.php 第 165 行.
NOTIC: [8] Undefined index: j E:\CMAS\Application\Home\Controller\SkuDetailController.class.php 第 165 行.

[ 2017-04-07T15:43:13+08:00 ] ::1 /Home/SkuDetail/test
INFO: [ app_init ] --START--
INFO: Run Behavior\BuildLiteBehavior [ RunTime:0.000000s ]
INFO: [ app_init ] --END-- [ RunTime:0.000000s ]
INFO: [ app_begin ] --START--
INFO: Run Behavior\ReadHtmlCacheBehavior [ RunTime:0.000000s ]
INFO: [ app_begin ] --END-- [ RunTime:0.000000s ]
NOTIC: [8] Use of undefined constant i - assumed 'i' E:\CMAS\Application\Home\Controller\SkuDetailController.class.php 第 165 行.
NOTIC: [8] Undefined index: i E:\CMAS\Application\Home\Controller\SkuDetailController.class.php 第 165 行.
NOTIC: [8] Use of undefined constant j - assumed 'j' E:\CMAS\Application\Home\Controller\SkuDetailController.class.php 第 165 行.
NOTIC: [8] Undefined index: j E:\CMAS\Application\Home\Controller\SkuDetailController.class.php 第 165 行.
NOTIC: [8] Use of undefined constant i - assumed 'i' E:\CMAS\Application\Home\Controller\SkuDetailController.class.php 第 165 行.
NOTIC: [8] Undefined index: i E:\CMAS\Application\Home\Controller\SkuDetailController.class.php 第 165 行.
NOTIC: [8] Use of undefined constant j - assumed 'j' E:\CMAS\Application\Home\Controller\SkuDetailController.class.php 第 165 行.
NOTIC: [8] Undefined index: j E:\CMAS\Application\Home\Controller\SkuDetailController.class.php 第 165 行.
NOTIC: [8] Use of undefined constant i - assumed 'i' E:\CMAS\Application\Home\Controller\SkuDetailController.class.php 第 165 行.
NOTIC: [8] Undefined index: i E:\CMAS\Application\Home\Controller\SkuDetailController.class.php 第 165 行.
NOTIC: [8] Use of undefined constant j - assumed 'j' E:\CMAS\Application\Home\Controller\SkuDetailController.class.php 第 165 行.
NOTIC: [8] Undefined index: j E:\CMAS\Application\Home\Controller\SkuDetailController.class.php 第 165 行.

[ 2017-04-07T15:43:14+08:00 ] ::1 /Home/SkuDetail/test
INFO: [ app_init ] --START--
INFO: Run Behavior\BuildLiteBehavior [ RunTime:0.000000s ]
INFO: [ app_init ] --END-- [ RunTime:0.000000s ]
INFO: [ app_begin ] --START--
INFO: Run Behavior\ReadHtmlCacheBehavior [ RunTime:0.000000s ]
INFO: [ app_begin ] --END-- [ RunTime:0.000000s ]
NOTIC: [8] Use of undefined constant i - assumed 'i' E:\CMAS\Application\Home\Controller\SkuDetailController.class.php 第 165 行.
NOTIC: [8] Undefined index: i E:\CMAS\Application\Home\Controller\SkuDetailController.class.php 第 165 行.
NOTIC: [8] Use of undefined constant j - assumed 'j' E:\CMAS\Application\Home\Controller\SkuDetailController.class.php 第 165 行.
NOTIC: [8] Undefined index: j E:\CMAS\Application\Home\Controller\SkuDetailController.class.php 第 165 行.
NOTIC: [8] Use of undefined constant i - assumed 'i' E:\CMAS\Application\Home\Controller\SkuDetailController.class.php 第 165 行.
NOTIC: [8] Undefined index: i E:\CMAS\Application\Home\Controller\SkuDetailController.class.php 第 165 行.
NOTIC: [8] Use of undefined constant j - assumed 'j' E:\CMAS\Application\Home\Controller\SkuDetailController.class.php 第 165 行.
NOTIC: [8] Undefined index: j E:\CMAS\Application\Home\Controller\SkuDetailController.class.php 第 165 行.
NOTIC: [8] Use of undefined constant i - assumed 'i' E:\CMAS\Application\Home\Controller\SkuDetailController.class.php 第 165 行.
NOTIC: [8] Undefined index: i E:\CMAS\Application\Home\Controller\SkuDetailController.class.php 第 165 行.
NOTIC: [8] Use of undefined constant j - assumed 'j' E:\CMAS\Application\Home\Controller\SkuDetailController.class.php 第 165 行.
NOTIC: [8] Undefined index: j E:\CMAS\Application\Home\Controller\SkuDetailController.class.php 第 165 行.

[ 2017-04-07T15:43:14+08:00 ] ::1 /Home/SkuDetail/test
INFO: [ app_init ] --START--
INFO: Run Behavior\BuildLiteBehavior [ RunTime:0.000000s ]
INFO: [ app_init ] --END-- [ RunTime:0.001000s ]
INFO: [ app_begin ] --START--
INFO: Run Behavior\ReadHtmlCacheBehavior [ RunTime:0.001000s ]
INFO: [ app_begin ] --END-- [ RunTime:0.001000s ]
NOTIC: [8] Use of undefined constant i - assumed 'i' E:\CMAS\Application\Home\Controller\SkuDetailController.class.php 第 165 行.
NOTIC: [8] Undefined index: i E:\CMAS\Application\Home\Controller\SkuDetailController.class.php 第 165 行.
NOTIC: [8] Use of undefined constant j - assumed 'j' E:\CMAS\Application\Home\Controller\SkuDetailController.class.php 第 165 行.
NOTIC: [8] Undefined index: j E:\CMAS\Application\Home\Controller\SkuDetailController.class.php 第 165 行.
NOTIC: [8] Use of undefined constant i - assumed 'i' E:\CMAS\Application\Home\Controller\SkuDetailController.class.php 第 165 行.
NOTIC: [8] Undefined index: i E:\CMAS\Application\Home\Controller\SkuDetailController.class.php 第 165 行.
NOTIC: [8] Use of undefined constant j - assumed 'j' E:\CMAS\Application\Home\Controller\SkuDetailController.class.php 第 165 行.
NOTIC: [8] Undefined index: j E:\CMAS\Application\Home\Controller\SkuDetailController.class.php 第 165 行.
NOTIC: [8] Use of undefined constant i - assumed 'i' E:\CMAS\Application\Home\Controller\SkuDetailController.class.php 第 165 行.
NOTIC: [8] Undefined index: i E:\CMAS\Application\Home\Controller\SkuDetailController.class.php 第 165 行.
NOTIC: [8] Use of undefined constant j - assumed 'j' E:\CMAS\Application\Home\Controller\SkuDetailController.class.php 第 165 行.
NOTIC: [8] Undefined index: j E:\CMAS\Application\Home\Controller\SkuDetailController.class.php 第 165 行.

[ 2017-04-07T15:43:15+08:00 ] ::1 /Home/SkuDetail/test
INFO: [ app_init ] --START--
INFO: Run Behavior\BuildLiteBehavior [ RunTime:0.000000s ]
INFO: [ app_init ] --END-- [ RunTime:0.000000s ]
INFO: [ app_begin ] --START--
INFO: Run Behavior\ReadHtmlCacheBehavior [ RunTime:0.000000s ]
INFO: [ app_begin ] --END-- [ RunTime:0.000000s ]
NOTIC: [8] Use of undefined constant i - assumed 'i' E:\CMAS\Application\Home\Controller\SkuDetailController.class.php 第 165 行.
NOTIC: [8] Undefined index: i E:\CMAS\Application\Home\Controller\SkuDetailController.class.php 第 165 行.
NOTIC: [8] Use of undefined constant j - assumed 'j' E:\CMAS\Application\Home\Controller\SkuDetailController.class.php 第 165 行.
NOTIC: [8] Undefined index: j E:\CMAS\Application\Home\Controller\SkuDetailController.class.php 第 165 行.
NOTIC: [8] Use of undefined constant i - assumed 'i' E:\CMAS\Application\Home\Controller\SkuDetailController.class.php 第 165 行.
NOTIC: [8] Undefined index: i E:\CMAS\Application\Home\Controller\SkuDetailController.class.php 第 165 行.
NOTIC: [8] Use of undefined constant j - assumed 'j' E:\CMAS\Application\Home\Controller\SkuDetailController.class.php 第 165 行.
NOTIC: [8] Undefined index: j E:\CMAS\Application\Home\Controller\SkuDetailController.class.php 第 165 行.
NOTIC: [8] Use of undefined constant i - assumed 'i' E:\CMAS\Application\Home\Controller\SkuDetailController.class.php 第 165 行.
NOTIC: [8] Undefined index: i E:\CMAS\Application\Home\Controller\SkuDetailController.class.php 第 165 行.
NOTIC: [8] Use of undefined constant j - assumed 'j' E:\CMAS\Application\Home\Controller\SkuDetailController.class.php 第 165 行.
NOTIC: [8] Undefined index: j E:\CMAS\Application\Home\Controller\SkuDetailController.class.php 第 165 行.

[ 2017-04-07T15:45:41+08:00 ] ::1 /Home/SkuDetail/test
INFO: [ app_init ] --START--
INFO: Run Behavior\BuildLiteBehavior [ RunTime:0.001000s ]
INFO: [ app_init ] --END-- [ RunTime:0.001000s ]
INFO: [ app_begin ] --START--
INFO: Run Behavior\ReadHtmlCacheBehavior [ RunTime:0.001000s ]
INFO: [ app_begin ] --END-- [ RunTime:0.001000s ]

[ 2017-04-07T15:45:49+08:00 ] ::1 /Home/SkuDetail/test
INFO: [ app_init ] --START--
INFO: Run Behavior\BuildLiteBehavior [ RunTime:0.000000s ]
INFO: [ app_init ] --END-- [ RunTime:0.000000s ]
INFO: [ app_begin ] --START--
INFO: Run Behavior\ReadHtmlCacheBehavior [ RunTime:0.000000s ]
INFO: [ app_begin ] --END-- [ RunTime:0.000000s ]

[ 2017-04-07T16:57:11+08:00 ] ::1 /Home/SkuDetail/test
INFO: [ app_init ] --START--
INFO: Run Behavior\BuildLiteBehavior [ RunTime:0.000000s ]
INFO: [ app_init ] --END-- [ RunTime:0.000000s ]
INFO: [ app_begin ] --START--
INFO: Run Behavior\ReadHtmlCacheBehavior [ RunTime:0.001001s ]
INFO: [ app_begin ] --END-- [ RunTime:0.001001s ]

[ 2017-04-07T17:29:57+08:00 ] ::1 /Home/SkuDetail/test
INFO: [ app_init ] --START--
INFO: Run Behavior\BuildLiteBehavior [ RunTime:0.000000s ]
INFO: [ app_init ] --END-- [ RunTime:0.000000s ]
INFO: [ app_begin ] --START--
INFO: Run Behavior\ReadHtmlCacheBehavior [ RunTime:0.000000s ]
INFO: [ app_begin ] --END-- [ RunTime:0.000000s ]
SQL: SHOW COLUMNS FROM `think_fba_fee` [ RunTime:0.0070s ]
SQL: SELECT * FROM `think_fba_fee`  [ RunTime:0.0010s ]

[ 2017-04-07T17:33:48+08:00 ] ::1 /Home/SkuDetail/test
INFO: [ app_init ] --START--
INFO: Run Behavior\BuildLiteBehavior [ RunTime:0.000000s ]
INFO: [ app_init ] --END-- [ RunTime:0.000000s ]
INFO: [ app_begin ] --START--
INFO: Run Behavior\ReadHtmlCacheBehavior [ RunTime:0.000000s ]
INFO: [ app_begin ] --END-- [ RunTime:0.000000s ]
SQL: SHOW COLUMNS FROM `think_fba_fee` [ RunTime:0.0070s ]
SQL: SELECT * FROM `think_fba_fee`  [ RunTime:0.0010s ]
INFO: [ app_end ] --START--
INFO: Run Behavior\ShowPageTraceBehavior [ RunTime:0.001000s ]
INFO: [ app_end ] --END-- [ RunTime:0.001000s ]

[ 2017-04-07T17:44:14+08:00 ] ::1 /Home/SkuDetail/test
INFO: [ app_init ] --START--
INFO: Run Behavior\BuildLiteBehavior [ RunTime:0.000000s ]
INFO: [ app_init ] --END-- [ RunTime:0.000000s ]
INFO: [ app_begin ] --START--
INFO: Run Behavior\ReadHtmlCacheBehavior [ RunTime:0.000000s ]
INFO: [ app_begin ] --END-- [ RunTime:0.000000s ]
SQL: SHOW COLUMNS FROM `think_fba_fee` [ RunTime:0.0060s ]
SQL: SELECT * FROM `think_fba_fee`  [ RunTime:0.0000s ]
INFO: [ app_end ] --START--
INFO: Run Behavior\ShowPageTraceBehavior [ RunTime:0.000000s ]
INFO: [ app_end ] --END-- [ RunTime:0.000000s ]

