[ 2017-04-18T15:03:55+08:00 ] ::1 /
INFO: [ app_init ] --START--
INFO: Run Behavior\BuildLiteBehavior [ RunTime:0.000000s ]
INFO: [ app_init ] --END-- [ RunTime:0.002000s ]
INFO: [ app_begin ] --START--
INFO: Run Behavior\ReadHtmlCacheBehavior [ RunTime:0.001000s ]
INFO: [ app_begin ] --END-- [ RunTime:0.001000s ]
NOTIC: [2] Missing argument 1 for Think\Controller::show(), called in E:\CMAS\Application\Home\Controller\IndexController.class.php on line 6 and defined E:\CMAS\ThinkPHP\Library\Think\Controller.class.php 第 68 行.
NOTIC: [8] Undefined variable: content E:\CMAS\ThinkPHP\Library\Think\Controller.class.php 第 69 行.
INFO: [ view_parse ] --START--
INFO: [ template_filter ] --START--
INFO: Run Behavior\ContentReplaceBehavior [ RunTime:0.000000s ]
INFO: [ template_filter ] --END-- [ RunTime:0.000000s ]
INFO: Run Behavior\ParseTemplateBehavior [ RunTime:0.019001s ]
INFO: [ view_parse ] --END-- [ RunTime:0.019001s ]
INFO: [ view_filter ] --START--
INFO: Run Behavior\WriteHtmlCacheBehavior [ RunTime:0.000000s ]
INFO: [ view_filter ] --END-- [ RunTime:0.000000s ]
INFO: [ app_end ] --START--
INFO: Run Behavior\ShowPageTraceBehavior [ RunTime:0.001000s ]
INFO: [ app_end ] --END-- [ RunTime:0.001000s ]

[ 2017-04-18T15:03:56+08:00 ] ::1 /index.php
INFO: [ app_init ] --START--
INFO: Run Behavior\BuildLiteBehavior [ RunTime:0.000000s ]
INFO: [ app_init ] --END-- [ RunTime:0.001000s ]
INFO: [ app_begin ] --START--
INFO: Run Behavior\ReadHtmlCacheBehavior [ RunTime:0.000000s ]
INFO: [ app_begin ] --END-- [ RunTime:0.001000s ]
NOTIC: [2] Missing argument 1 for Think\Controller::show(), called in E:\CMAS\Application\Home\Controller\IndexController.class.php on line 6 and defined E:\CMAS\ThinkPHP\Library\Think\Controller.class.php 第 68 行.
NOTIC: [8] Undefined variable: content E:\CMAS\ThinkPHP\Library\Think\Controller.class.php 第 69 行.
INFO: [ view_parse ] --START--
INFO: [ template_filter ] --START--
INFO: Run Behavior\ContentReplaceBehavior [ RunTime:0.000000s ]
INFO: [ template_filter ] --END-- [ RunTime:0.000000s ]
INFO: Run Behavior\ParseTemplateBehavior [ RunTime:0.015001s ]
INFO: [ view_parse ] --END-- [ RunTime:0.015001s ]
INFO: [ view_filter ] --START--
INFO: Run Behavior\WriteHtmlCacheBehavior [ RunTime:0.001000s ]
INFO: [ view_filter ] --END-- [ RunTime:0.001000s ]
INFO: [ app_end ] --START--
INFO: Run Behavior\ShowPageTraceBehavior [ RunTime:0.000000s ]
INFO: [ app_end ] --END-- [ RunTime:0.000000s ]

[ 2017-04-18T15:03:58+08:00 ] ::1 /index.php
INFO: [ app_init ] --START--
INFO: Run Behavior\BuildLiteBehavior [ RunTime:0.000000s ]
INFO: [ app_init ] --END-- [ RunTime:0.000000s ]
INFO: [ app_begin ] --START--
INFO: Run Behavior\ReadHtmlCacheBehavior [ RunTime:0.000000s ]
INFO: [ app_begin ] --END-- [ RunTime:0.000000s ]
NOTIC: [2] Missing argument 1 for Think\Controller::show(), called in E:\CMAS\Application\Home\Controller\IndexController.class.php on line 6 and defined E:\CMAS\ThinkPHP\Library\Think\Controller.class.php 第 68 行.
NOTIC: [8] Undefined variable: content E:\CMAS\ThinkPHP\Library\Think\Controller.class.php 第 69 行.
INFO: [ view_parse ] --START--
INFO: [ template_filter ] --START--
INFO: Run Behavior\ContentReplaceBehavior [ RunTime:0.000000s ]
INFO: [ template_filter ] --END-- [ RunTime:0.000000s ]
INFO: Run Behavior\ParseTemplateBehavior [ RunTime:0.015001s ]
INFO: [ view_parse ] --END-- [ RunTime:0.015001s ]
INFO: [ view_filter ] --START--
INFO: Run Behavior\WriteHtmlCacheBehavior [ RunTime:0.000000s ]
INFO: [ view_filter ] --END-- [ RunTime:0.000000s ]
INFO: [ app_end ] --START--
INFO: Run Behavior\ShowPageTraceBehavior [ RunTime:0.001000s ]
INFO: [ app_end ] --END-- [ RunTime:0.001000s ]

[ 2017-04-18T15:03:58+08:00 ] ::1 /Home/SkuDetail/index
INFO: [ app_init ] --START--
INFO: Run Behavior\BuildLiteBehavior [ RunTime:0.000000s ]
INFO: [ app_init ] --END-- [ RunTime:0.001000s ]
INFO: [ app_begin ] --START--
INFO: Run Behavior\ReadHtmlCacheBehavior [ RunTime:0.001000s ]
INFO: [ app_begin ] --END-- [ RunTime:0.001000s ]
SQL: SHOW COLUMNS FROM `think_sku_detail` [ RunTime:0.0170s ]
SQL: SELECT * FROM `think_sku_detail`  [ RunTime:0.0010s ]
INFO: [ view_parse ] --START--
INFO: [ template_filter ] --START--
INFO: Run Behavior\ContentReplaceBehavior [ RunTime:0.000000s ]
INFO: [ template_filter ] --END-- [ RunTime:0.001000s ]
INFO: Run Behavior\ParseTemplateBehavior [ RunTime:0.014001s ]
INFO: [ view_parse ] --END-- [ RunTime:0.015001s ]
INFO: [ view_filter ] --START--
INFO: Run Behavior\WriteHtmlCacheBehavior [ RunTime:0.001000s ]
INFO: [ view_filter ] --END-- [ RunTime:0.001000s ]
INFO: [ app_end ] --START--
INFO: Run Behavior\ShowPageTraceBehavior [ RunTime:0.000000s ]
INFO: [ app_end ] --END-- [ RunTime:0.000000s ]

[ 2017-04-18T15:04:02+08:00 ] ::1 /Home/SkuDetail/calculate?id=19
INFO: [ app_init ] --START--
INFO: Run Behavior\BuildLiteBehavior [ RunTime:0.000000s ]
INFO: [ app_init ] --END-- [ RunTime:0.000000s ]
INFO: [ app_begin ] --START--
INFO: Run Behavior\ReadHtmlCacheBehavior [ RunTime:0.000000s ]
INFO: [ app_begin ] --END-- [ RunTime:0.000000s ]
SQL: SHOW COLUMNS FROM `think_sku_detail` [ RunTime:0.0070s ]
SQL: SELECT * FROM `think_sku_detail` WHERE ( id=19 ) LIMIT 1   [ RunTime:0.0010s ]
SQL: SHOW COLUMNS FROM `think_fba_fee` [ RunTime:0.0080s ]
SQL: SELECT * FROM `think_fba_fee`  [ RunTime:0.0010s ]
SQL: SHOW COLUMNS FROM `think_change_rate` [ RunTime:0.0090s ]
SQL: SELECT * FROM `think_change_rate` WHERE `date` = '2017-04-18' AND `from_Currency` = 'GBP' AND `to_Currency` = 'CNY' LIMIT 1   [ RunTime:0.0000s ]
SQL: INSERT INTO `think_change_rate` (`change_rate`,`date`,`from_Currency`,`to_Currency`) VALUES ('8.6695','2017-04-18','GBP','CNY') [ RunTime:0.0140s ]
SQL: SELECT * FROM `think_change_rate` WHERE `date` = '2017-04-18' AND `from_Currency` = 'EUR' AND `to_Currency` = 'CNY' LIMIT 1   [ RunTime:0.0000s ]
SQL: INSERT INTO `think_change_rate` (`change_rate`,`date`,`from_Currency`,`to_Currency`) VALUES ('7.3354','2017-04-18','EUR','CNY') [ RunTime:0.0130s ]
SQL: SELECT * FROM `think_change_rate` WHERE `date` = '2017-04-18' AND `from_Currency` = 'EUR' AND `to_Currency` = 'CNY' LIMIT 1   [ RunTime:0.0000s ]
SQL: SELECT * FROM `think_change_rate` WHERE `date` = '2017-04-18' AND `from_Currency` = 'EUR' AND `to_Currency` = 'CNY' LIMIT 1   [ RunTime:0.0000s ]
SQL: SELECT * FROM `think_change_rate` WHERE `date` = '2017-04-18' AND `from_Currency` = 'EUR' AND `to_Currency` = 'CNY' LIMIT 1   [ RunTime:0.0000s ]
INFO: [ view_parse ] --START--
INFO: [ template_filter ] --START--
INFO: Run Behavior\ContentReplaceBehavior [ RunTime:0.000000s ]
INFO: [ template_filter ] --END-- [ RunTime:0.001000s ]
INFO: Run Behavior\ParseTemplateBehavior [ RunTime:0.009001s ]
INFO: [ view_parse ] --END-- [ RunTime:0.009001s ]
INFO: [ view_filter ] --START--
INFO: Run Behavior\WriteHtmlCacheBehavior [ RunTime:0.000000s ]
INFO: [ view_filter ] --END-- [ RunTime:0.000000s ]
INFO: [ app_end ] --START--
INFO: Run Behavior\ShowPageTraceBehavior [ RunTime:0.001000s ]
INFO: [ app_end ] --END-- [ RunTime:0.001000s ]

[ 2017-04-18T15:04:03+08:00 ] ::1 /index.php
INFO: [ app_init ] --START--
INFO: Run Behavior\BuildLiteBehavior [ RunTime:0.000000s ]
INFO: [ app_init ] --END-- [ RunTime:0.000000s ]
INFO: [ app_begin ] --START--
INFO: Run Behavior\ReadHtmlCacheBehavior [ RunTime:0.001000s ]
INFO: [ app_begin ] --END-- [ RunTime:0.001000s ]
NOTIC: [2] Missing argument 1 for Think\Controller::show(), called in E:\CMAS\Application\Home\Controller\IndexController.class.php on line 6 and defined E:\CMAS\ThinkPHP\Library\Think\Controller.class.php 第 68 行.
NOTIC: [8] Undefined variable: content E:\CMAS\ThinkPHP\Library\Think\Controller.class.php 第 69 行.
INFO: [ view_parse ] --START--
INFO: [ template_filter ] --START--
INFO: Run Behavior\ContentReplaceBehavior [ RunTime:0.000000s ]
INFO: [ template_filter ] --END-- [ RunTime:0.000000s ]
INFO: Run Behavior\ParseTemplateBehavior [ RunTime:0.013000s ]
INFO: [ view_parse ] --END-- [ RunTime:0.013000s ]
INFO: [ view_filter ] --START--
INFO: Run Behavior\WriteHtmlCacheBehavior [ RunTime:0.001000s ]
INFO: [ view_filter ] --END-- [ RunTime:0.001000s ]
INFO: [ app_end ] --START--
INFO: Run Behavior\ShowPageTraceBehavior [ RunTime:0.001000s ]
INFO: [ app_end ] --END-- [ RunTime:0.001000s ]

[ 2017-04-18T15:04:47+08:00 ] ::1 /Home/SkuDetail/calculate?id=19
INFO: [ app_init ] --START--
INFO: Run Behavior\BuildLiteBehavior [ RunTime:0.000000s ]
INFO: [ app_init ] --END-- [ RunTime:0.000000s ]
INFO: [ app_begin ] --START--
INFO: Run Behavior\ReadHtmlCacheBehavior [ RunTime:0.000000s ]
INFO: [ app_begin ] --END-- [ RunTime:0.000000s ]
SQL: SHOW COLUMNS FROM `think_sku_detail` [ RunTime:0.0070s ]
SQL: SELECT * FROM `think_sku_detail` WHERE ( id=19 ) LIMIT 1   [ RunTime:0.0000s ]
SQL: SHOW COLUMNS FROM `think_fba_fee` [ RunTime:0.0070s ]
SQL: SELECT * FROM `think_fba_fee` WHERE `sale_domain` IN ('英国','德国')  [ RunTime:0.0000s ]
SQL: SHOW COLUMNS FROM `think_change_rate` [ RunTime:0.0060s ]
SQL: SELECT * FROM `think_change_rate` WHERE `date` = '2017-04-18' AND `from_Currency` = 'GBP' AND `to_Currency` = 'CNY' LIMIT 1   [ RunTime:0.0000s ]
SQL: SELECT * FROM `think_change_rate` WHERE `date` = '2017-04-18' AND `from_Currency` = 'EUR' AND `to_Currency` = 'CNY' LIMIT 1   [ RunTime:0.0000s ]
INFO: [ view_parse ] --START--
INFO: [ template_filter ] --START--
INFO: Run Behavior\ContentReplaceBehavior [ RunTime:0.000000s ]
INFO: [ template_filter ] --END-- [ RunTime:0.000000s ]
INFO: Run Behavior\ParseTemplateBehavior [ RunTime:0.008001s ]
INFO: [ view_parse ] --END-- [ RunTime:0.008001s ]
INFO: [ view_filter ] --START--
INFO: Run Behavior\WriteHtmlCacheBehavior [ RunTime:0.001000s ]
INFO: [ view_filter ] --END-- [ RunTime:0.001000s ]
INFO: [ app_end ] --START--
INFO: Run Behavior\ShowPageTraceBehavior [ RunTime:0.000000s ]
INFO: [ app_end ] --END-- [ RunTime:0.000000s ]

[ 2017-04-18T15:19:55+08:00 ] ::1 /Home/SkuDetail/test?{id:9,name:dd}
INFO: [ app_init ] --START--
INFO: Run Behavior\BuildLiteBehavior [ RunTime:0.000000s ]
INFO: [ app_init ] --END-- [ RunTime:0.000000s ]
INFO: [ app_begin ] --START--
INFO: Run Behavior\ReadHtmlCacheBehavior [ RunTime:0.000000s ]
INFO: [ app_begin ] --END-- [ RunTime:0.000000s ]

[ 2017-04-18T15:22:00+08:00 ] ::1 /Home/SkuDetail/test?{%27id%27:%279%27,%27name%27:%27dd%27}
INFO: [ app_init ] --START--
INFO: Run Behavior\BuildLiteBehavior [ RunTime:0.000000s ]
INFO: [ app_init ] --END-- [ RunTime:0.000000s ]
INFO: [ app_begin ] --START--
INFO: Run Behavior\ReadHtmlCacheBehavior [ RunTime:0.000000s ]
INFO: [ app_begin ] --END-- [ RunTime:0.000000s ]

[ 2017-04-18T15:22:09+08:00 ] ::1 /Home/SkuDetail/test?{%27id%27:%279%27,%27name%27:%27dd}
INFO: [ app_init ] --START--
INFO: Run Behavior\BuildLiteBehavior [ RunTime:0.000000s ]
INFO: [ app_init ] --END-- [ RunTime:0.000000s ]
INFO: [ app_begin ] --START--
INFO: Run Behavior\ReadHtmlCacheBehavior [ RunTime:0.000000s ]
INFO: [ app_begin ] --END-- [ RunTime:0.000000s ]

[ 2017-04-18T15:22:15+08:00 ] ::1 /Home/SkuDetail/test?{id:9,name:dd}
INFO: [ app_init ] --START--
INFO: Run Behavior\BuildLiteBehavior [ RunTime:0.000000s ]
INFO: [ app_init ] --END-- [ RunTime:0.000000s ]
INFO: [ app_begin ] --START--
INFO: Run Behavior\ReadHtmlCacheBehavior [ RunTime:0.000000s ]
INFO: [ app_begin ] --END-- [ RunTime:0.000000s ]

[ 2017-04-18T15:27:57+08:00 ] ::1 /Home/SkuDetail/test?{id:9,name:dd}
INFO: [ app_init ] --START--
INFO: Run Behavior\BuildLiteBehavior [ RunTime:0.000000s ]
INFO: [ app_init ] --END-- [ RunTime:0.000000s ]
INFO: [ app_begin ] --START--
INFO: Run Behavior\ReadHtmlCacheBehavior [ RunTime:0.000000s ]
INFO: [ app_begin ] --END-- [ RunTime:0.000000s ]
NOTIC: [2] json_decode() expects parameter 1 to be string, array given E:\CMAS\Application\Home\Controller\SkuDetailController.class.php 第 276 行.

[ 2017-04-18T15:28:18+08:00 ] ::1 /Home/SkuDetail/test?{id:9,name:dd}
INFO: [ app_init ] --START--
INFO: Run Behavior\BuildLiteBehavior [ RunTime:0.000000s ]
INFO: [ app_init ] --END-- [ RunTime:0.000000s ]
INFO: [ app_begin ] --START--
INFO: Run Behavior\ReadHtmlCacheBehavior [ RunTime:0.000000s ]
INFO: [ app_begin ] --END-- [ RunTime:0.000000s ]
NOTIC: [2] json_decode() expects parameter 1 to be string, array given E:\CMAS\Application\Home\Controller\SkuDetailController.class.php 第 277 行.

[ 2017-04-18T15:28:44+08:00 ] ::1 /Home/SkuDetail/test?{id:9,name:dd}
INFO: [ app_init ] --START--
INFO: Run Behavior\BuildLiteBehavior [ RunTime:0.000000s ]
INFO: [ app_init ] --END-- [ RunTime:0.000000s ]
INFO: [ app_begin ] --START--
INFO: Run Behavior\ReadHtmlCacheBehavior [ RunTime:0.000000s ]
INFO: [ app_begin ] --END-- [ RunTime:0.000000s ]
NOTIC: [2] json_decode() expects parameter 1 to be string, array given E:\CMAS\Application\Home\Controller\SkuDetailController.class.php 第 277 行.

[ 2017-04-18T15:28:53+08:00 ] ::1 /Home/SkuDetail/test?a={id:9,name:dd}
INFO: [ app_init ] --START--
INFO: Run Behavior\BuildLiteBehavior [ RunTime:0.000000s ]
INFO: [ app_init ] --END-- [ RunTime:0.000000s ]
INFO: [ app_begin ] --START--
INFO: Run Behavior\ReadHtmlCacheBehavior [ RunTime:0.000000s ]
INFO: [ app_begin ] --END-- [ RunTime:0.000000s ]
NOTIC: [2] json_decode() expects parameter 1 to be string, array given E:\CMAS\Application\Home\Controller\SkuDetailController.class.php 第 277 行.

[ 2017-04-18T15:29:21+08:00 ] ::1 /Home/SkuDetail/test?a=%27{id:9,name:dd}%27
INFO: [ app_init ] --START--
INFO: Run Behavior\BuildLiteBehavior [ RunTime:0.000000s ]
INFO: [ app_init ] --END-- [ RunTime:0.000000s ]
INFO: [ app_begin ] --START--
INFO: Run Behavior\ReadHtmlCacheBehavior [ RunTime:0.015600s ]
INFO: [ app_begin ] --END-- [ RunTime:0.015600s ]
NOTIC: [2] json_decode() expects parameter 1 to be string, array given E:\CMAS\Application\Home\Controller\SkuDetailController.class.php 第 277 行.

[ 2017-04-18T15:29:31+08:00 ] ::1 /Home/SkuDetail/test?{id:9,name:dd}
INFO: [ app_init ] --START--
INFO: Run Behavior\BuildLiteBehavior [ RunTime:0.000000s ]
INFO: [ app_init ] --END-- [ RunTime:0.000000s ]
INFO: [ app_begin ] --START--
INFO: Run Behavior\ReadHtmlCacheBehavior [ RunTime:0.000000s ]
INFO: [ app_begin ] --END-- [ RunTime:0.000000s ]
NOTIC: [2] json_decode() expects parameter 1 to be string, array given E:\CMAS\Application\Home\Controller\SkuDetailController.class.php 第 277 行.

[ 2017-04-18T15:38:44+08:00 ] ::1 /Home/SkuDetail/test?{id:9,name:dd}
INFO: [ app_init ] --START--
INFO: Run Behavior\BuildLiteBehavior [ RunTime:0.000000s ]
INFO: [ app_init ] --END-- [ RunTime:0.000000s ]
INFO: [ app_begin ] --START--
INFO: Run Behavior\ReadHtmlCacheBehavior [ RunTime:0.000000s ]
INFO: [ app_begin ] --END-- [ RunTime:0.000000s ]

[ 2017-04-18T15:39:48+08:00 ] ::1 /Home/SkuDetail/test?{id:9,name:dd}
INFO: [ app_init ] --START--
INFO: Run Behavior\BuildLiteBehavior [ RunTime:0.000000s ]
INFO: [ app_init ] --END-- [ RunTime:0.000000s ]
INFO: [ app_begin ] --START--
INFO: Run Behavior\ReadHtmlCacheBehavior [ RunTime:0.001000s ]
INFO: [ app_begin ] --END-- [ RunTime:0.001000s ]

[ 2017-04-18T15:40:11+08:00 ] ::1 /Home
INFO: [ app_init ] --START--
INFO: Run Behavior\BuildLiteBehavior [ RunTime:0.000000s ]
INFO: [ app_init ] --END-- [ RunTime:0.000000s ]
INFO: [ app_begin ] --START--
INFO: Run Behavior\ReadHtmlCacheBehavior [ RunTime:0.000000s ]
INFO: [ app_begin ] --END-- [ RunTime:0.000000s ]
NOTIC: [2] Missing argument 1 for Think\Controller::show(), called in E:\CMAS\Application\Home\Controller\IndexController.class.php on line 6 and defined E:\CMAS\ThinkPHP\Library\Think\Controller.class.php 第 68 行.
NOTIC: [8] Undefined variable: content E:\CMAS\ThinkPHP\Library\Think\Controller.class.php 第 69 行.
INFO: [ view_parse ] --START--
INFO: [ template_filter ] --START--
INFO: Run Behavior\ContentReplaceBehavior [ RunTime:0.000000s ]
INFO: [ template_filter ] --END-- [ RunTime:0.000000s ]
INFO: Run Behavior\ParseTemplateBehavior [ RunTime:0.015001s ]
INFO: [ view_parse ] --END-- [ RunTime:0.015001s ]
INFO: [ view_filter ] --START--
INFO: Run Behavior\WriteHtmlCacheBehavior [ RunTime:0.000000s ]
INFO: [ view_filter ] --END-- [ RunTime:0.000000s ]
INFO: [ app_end ] --START--
INFO: Run Behavior\ShowPageTraceBehavior [ RunTime:0.001000s ]
INFO: [ app_end ] --END-- [ RunTime:0.001000s ]

[ 2017-04-18T15:41:59+08:00 ] ::1 /Home
INFO: [ app_init ] --START--
INFO: Run Behavior\BuildLiteBehavior [ RunTime:0.000000s ]
INFO: [ app_init ] --END-- [ RunTime:0.000000s ]
INFO: [ app_begin ] --START--
INFO: Run Behavior\ReadHtmlCacheBehavior [ RunTime:0.000000s ]
INFO: [ app_begin ] --END-- [ RunTime:0.000000s ]
NOTIC: [2] Missing argument 1 for Think\Controller::show(), called in E:\CMAS\Application\Home\Controller\IndexController.class.php on line 6 and defined E:\CMAS\ThinkPHP\Library\Think\Controller.class.php 第 68 行.
NOTIC: [8] Undefined variable: content E:\CMAS\ThinkPHP\Library\Think\Controller.class.php 第 69 行.
INFO: [ view_parse ] --START--
INFO: [ template_filter ] --START--
INFO: Run Behavior\ContentReplaceBehavior [ RunTime:0.000000s ]
INFO: [ template_filter ] --END-- [ RunTime:0.000000s ]
INFO: Run Behavior\ParseTemplateBehavior [ RunTime:0.017001s ]
INFO: [ view_parse ] --END-- [ RunTime:0.017001s ]
INFO: [ view_filter ] --START--
INFO: Run Behavior\WriteHtmlCacheBehavior [ RunTime:0.000000s ]
INFO: [ view_filter ] --END-- [ RunTime:0.000000s ]
INFO: [ app_end ] --START--
INFO: Run Behavior\ShowPageTraceBehavior [ RunTime:0.001000s ]
INFO: [ app_end ] --END-- [ RunTime:0.001000s ]

[ 2017-04-18T15:42:01+08:00 ] ::1 /Home/SkuDetail/index
INFO: [ app_init ] --START--
INFO: Run Behavior\BuildLiteBehavior [ RunTime:0.000000s ]
INFO: [ app_init ] --END-- [ RunTime:0.000000s ]
INFO: [ app_begin ] --START--
INFO: Run Behavior\ReadHtmlCacheBehavior [ RunTime:0.001000s ]
INFO: [ app_begin ] --END-- [ RunTime:0.001000s ]
SQL: SHOW COLUMNS FROM `think_sku_detail` [ RunTime:0.0070s ]
SQL: SELECT * FROM `think_sku_detail`  [ RunTime:0.0000s ]
INFO: [ view_parse ] --START--
INFO: [ template_filter ] --START--
INFO: Run Behavior\ContentReplaceBehavior [ RunTime:0.000000s ]
INFO: [ template_filter ] --END-- [ RunTime:0.000000s ]
INFO: Run Behavior\ParseTemplateBehavior [ RunTime:0.010001s ]
INFO: [ view_parse ] --END-- [ RunTime:0.010001s ]
INFO: [ view_filter ] --START--
INFO: Run Behavior\WriteHtmlCacheBehavior [ RunTime:0.000000s ]
INFO: [ view_filter ] --END-- [ RunTime:0.000000s ]
INFO: [ app_end ] --START--
INFO: Run Behavior\ShowPageTraceBehavior [ RunTime:0.000000s ]
INFO: [ app_end ] --END-- [ RunTime:0.000000s ]

[ 2017-04-18T15:52:22+08:00 ] ::1 /Home/SkuDetail/index
INFO: [ app_init ] --START--
INFO: Run Behavior\BuildLiteBehavior [ RunTime:0.000000s ]
INFO: [ app_init ] --END-- [ RunTime:0.001000s ]
INFO: [ app_begin ] --START--
INFO: Run Behavior\ReadHtmlCacheBehavior [ RunTime:0.001000s ]
INFO: [ app_begin ] --END-- [ RunTime:0.001000s ]
ERR: SQLSTATE[HY000] [1045] Access denied for user 'root'@'localhost' (using password: YES)

[ 2017-04-18T15:52:28+08:00 ] ::1 /Home/SkuDetail
INFO: [ app_init ] --START--
INFO: Run Behavior\BuildLiteBehavior [ RunTime:0.000000s ]
INFO: [ app_init ] --END-- [ RunTime:0.000000s ]
INFO: [ app_begin ] --START--
INFO: Run Behavior\ReadHtmlCacheBehavior [ RunTime:0.000000s ]
INFO: [ app_begin ] --END-- [ RunTime:0.000000s ]
ERR: SQLSTATE[HY000] [1045] Access denied for user 'root'@'localhost' (using password: YES)

[ 2017-04-18T15:52:30+08:00 ] ::1 /Home
INFO: [ app_init ] --START--
INFO: Run Behavior\BuildLiteBehavior [ RunTime:0.000000s ]
INFO: [ app_init ] --END-- [ RunTime:0.000000s ]
INFO: [ app_begin ] --START--
INFO: Run Behavior\ReadHtmlCacheBehavior [ RunTime:0.000000s ]
INFO: [ app_begin ] --END-- [ RunTime:0.001000s ]
NOTIC: [2] Missing argument 1 for Think\Controller::show(), called in E:\CMAS\Application\Home\Controller\IndexController.class.php on line 6 and defined E:\CMAS\ThinkPHP\Library\Think\Controller.class.php 第 68 行.
NOTIC: [8] Undefined variable: content E:\CMAS\ThinkPHP\Library\Think\Controller.class.php 第 69 行.
INFO: [ view_parse ] --START--
INFO: [ template_filter ] --START--
INFO: Run Behavior\ContentReplaceBehavior [ RunTime:0.000000s ]
INFO: [ template_filter ] --END-- [ RunTime:0.000000s ]
INFO: Run Behavior\ParseTemplateBehavior [ RunTime:0.012001s ]
INFO: [ view_parse ] --END-- [ RunTime:0.013001s ]
INFO: [ view_filter ] --START--
INFO: Run Behavior\WriteHtmlCacheBehavior [ RunTime:0.000000s ]
INFO: [ view_filter ] --END-- [ RunTime:0.000000s ]
INFO: [ app_end ] --START--
INFO: Run Behavior\ShowPageTraceBehavior [ RunTime:0.000000s ]
INFO: [ app_end ] --END-- [ RunTime:0.000000s ]

[ 2017-04-18T15:52:33+08:00 ] ::1 /Home
INFO: [ app_init ] --START--
INFO: Run Behavior\BuildLiteBehavior [ RunTime:0.000000s ]
INFO: [ app_init ] --END-- [ RunTime:0.000000s ]
INFO: [ app_begin ] --START--
INFO: Run Behavior\ReadHtmlCacheBehavior [ RunTime:0.000000s ]
INFO: [ app_begin ] --END-- [ RunTime:0.000000s ]
NOTIC: [2] Missing argument 1 for Think\Controller::show(), called in E:\CMAS\Application\Home\Controller\IndexController.class.php on line 6 and defined E:\CMAS\ThinkPHP\Library\Think\Controller.class.php 第 68 行.
NOTIC: [8] Undefined variable: content E:\CMAS\ThinkPHP\Library\Think\Controller.class.php 第 69 行.
INFO: [ view_parse ] --START--
INFO: [ template_filter ] --START--
INFO: Run Behavior\ContentReplaceBehavior [ RunTime:0.000000s ]
INFO: [ template_filter ] --END-- [ RunTime:0.000000s ]
INFO: Run Behavior\ParseTemplateBehavior [ RunTime:0.014000s ]
INFO: [ view_parse ] --END-- [ RunTime:0.014000s ]
INFO: [ view_filter ] --START--
INFO: Run Behavior\WriteHtmlCacheBehavior [ RunTime:0.000000s ]
INFO: [ view_filter ] --END-- [ RunTime:0.000000s ]
INFO: [ app_end ] --START--
INFO: Run Behavior\ShowPageTraceBehavior [ RunTime:0.001001s ]
INFO: [ app_end ] --END-- [ RunTime:0.001001s ]

[ 2017-04-18T15:52:35+08:00 ] ::1 /Home
INFO: [ app_init ] --START--
INFO: Run Behavior\BuildLiteBehavior [ RunTime:0.000000s ]
INFO: [ app_init ] --END-- [ RunTime:0.000000s ]
INFO: [ app_begin ] --START--
INFO: Run Behavior\ReadHtmlCacheBehavior [ RunTime:0.001000s ]
INFO: [ app_begin ] --END-- [ RunTime:0.001000s ]
NOTIC: [2] Missing argument 1 for Think\Controller::show(), called in E:\CMAS\Application\Home\Controller\IndexController.class.php on line 6 and defined E:\CMAS\ThinkPHP\Library\Think\Controller.class.php 第 68 行.
NOTIC: [8] Undefined variable: content E:\CMAS\ThinkPHP\Library\Think\Controller.class.php 第 69 行.
INFO: [ view_parse ] --START--
INFO: [ template_filter ] --START--
INFO: Run Behavior\ContentReplaceBehavior [ RunTime:0.001000s ]
INFO: [ template_filter ] --END-- [ RunTime:0.001000s ]
INFO: Run Behavior\ParseTemplateBehavior [ RunTime:0.014000s ]
INFO: [ view_parse ] --END-- [ RunTime:0.014000s ]
INFO: [ view_filter ] --START--
INFO: Run Behavior\WriteHtmlCacheBehavior [ RunTime:0.000000s ]
INFO: [ view_filter ] --END-- [ RunTime:0.000000s ]
INFO: [ app_end ] --START--
INFO: Run Behavior\ShowPageTraceBehavior [ RunTime:0.000000s ]
INFO: [ app_end ] --END-- [ RunTime:0.001000s ]

[ 2017-04-18T15:52:38+08:00 ] ::1 /Home/SkuDetail/index
INFO: [ app_init ] --START--
INFO: Run Behavior\BuildLiteBehavior [ RunTime:0.000000s ]
INFO: [ app_init ] --END-- [ RunTime:0.000000s ]
INFO: [ app_begin ] --START--
INFO: Run Behavior\ReadHtmlCacheBehavior [ RunTime:0.000000s ]
INFO: [ app_begin ] --END-- [ RunTime:0.000000s ]
ERR: SQLSTATE[HY000] [1045] Access denied for user 'root'@'localhost' (using password: YES)

[ 2017-04-18T15:54:43+08:00 ] 192.168.4.119 /
INFO: [ app_init ] --START--
INFO: Run Behavior\BuildLiteBehavior [ RunTime:0.000000s ]
INFO: [ app_init ] --END-- [ RunTime:0.001000s ]
INFO: [ app_begin ] --START--
INFO: Run Behavior\ReadHtmlCacheBehavior [ RunTime:0.000000s ]
INFO: [ app_begin ] --END-- [ RunTime:0.000000s ]
NOTIC: [2] Missing argument 1 for Think\Controller::show(), called in E:\CMAS\Application\Home\Controller\IndexController.class.php on line 6 and defined E:\CMAS\ThinkPHP\Library\Think\Controller.class.php 第 68 行.
NOTIC: [8] Undefined variable: content E:\CMAS\ThinkPHP\Library\Think\Controller.class.php 第 69 行.
INFO: [ view_parse ] --START--
INFO: [ template_filter ] --START--
INFO: Run Behavior\ContentReplaceBehavior [ RunTime:0.000000s ]
INFO: [ template_filter ] --END-- [ RunTime:0.000000s ]
INFO: Run Behavior\ParseTemplateBehavior [ RunTime:0.016001s ]
INFO: [ view_parse ] --END-- [ RunTime:0.016001s ]
INFO: [ view_filter ] --START--
INFO: Run Behavior\WriteHtmlCacheBehavior [ RunTime:0.000000s ]
INFO: [ view_filter ] --END-- [ RunTime:0.000000s ]
INFO: [ app_end ] --START--
INFO: Run Behavior\ShowPageTraceBehavior [ RunTime:0.001000s ]
INFO: [ app_end ] --END-- [ RunTime:0.001000s ]

[ 2017-04-18T15:54:47+08:00 ] 192.168.4.119 /Home/SkuDetail/index
INFO: [ app_init ] --START--
INFO: Run Behavior\BuildLiteBehavior [ RunTime:0.000000s ]
INFO: [ app_init ] --END-- [ RunTime:0.000000s ]
INFO: [ app_begin ] --START--
INFO: Run Behavior\ReadHtmlCacheBehavior [ RunTime:0.001000s ]
INFO: [ app_begin ] --END-- [ RunTime:0.001000s ]
ERR: SQLSTATE[HY000] [1045] Access denied for user 'root'@'localhost' (using password: YES)

[ 2017-04-18T15:54:48+08:00 ] 192.168.4.119 /Home/SkuDetail/index
INFO: [ app_init ] --START--
INFO: Run Behavior\BuildLiteBehavior [ RunTime:0.000000s ]
INFO: [ app_init ] --END-- [ RunTime:0.000000s ]
INFO: [ app_begin ] --START--
INFO: Run Behavior\ReadHtmlCacheBehavior [ RunTime:0.001000s ]
INFO: [ app_begin ] --END-- [ RunTime:0.001000s ]
ERR: SQLSTATE[HY000] [1045] Access denied for user 'root'@'localhost' (using password: YES)

[ 2017-04-18T15:54:49+08:00 ] 192.168.4.119 /Home/SkuDetail/index
INFO: [ app_init ] --START--
INFO: Run Behavior\BuildLiteBehavior [ RunTime:0.001000s ]
INFO: [ app_init ] --END-- [ RunTime:0.001000s ]
INFO: [ app_begin ] --START--
INFO: Run Behavior\ReadHtmlCacheBehavior [ RunTime:0.001000s ]
INFO: [ app_begin ] --END-- [ RunTime:0.001000s ]
ERR: SQLSTATE[HY000] [1045] Access denied for user 'root'@'localhost' (using password: YES)

[ 2017-04-18T15:54:50+08:00 ] 192.168.4.119 /Home/SkuDetail/index
INFO: [ app_init ] --START--
INFO: Run Behavior\BuildLiteBehavior [ RunTime:0.000000s ]
INFO: [ app_init ] --END-- [ RunTime:0.000000s ]
INFO: [ app_begin ] --START--
INFO: Run Behavior\ReadHtmlCacheBehavior [ RunTime:0.001000s ]
INFO: [ app_begin ] --END-- [ RunTime:0.001000s ]
ERR: SQLSTATE[HY000] [1045] Access denied for user 'root'@'localhost' (using password: YES)

[ 2017-04-18T15:54:51+08:00 ] 192.168.4.119 /Home/SkuDetail/index
INFO: [ app_init ] --START--
INFO: Run Behavior\BuildLiteBehavior [ RunTime:0.000000s ]
INFO: [ app_init ] --END-- [ RunTime:0.000000s ]
INFO: [ app_begin ] --START--
INFO: Run Behavior\ReadHtmlCacheBehavior [ RunTime:0.000000s ]
INFO: [ app_begin ] --END-- [ RunTime:0.000000s ]
ERR: SQLSTATE[HY000] [1045] Access denied for user 'root'@'localhost' (using password: YES)

[ 2017-04-18T15:54:52+08:00 ] 192.168.4.119 /Home/SkuDetail/index
INFO: [ app_init ] --START--
INFO: Run Behavior\BuildLiteBehavior [ RunTime:0.000000s ]
INFO: [ app_init ] --END-- [ RunTime:0.000000s ]
INFO: [ app_begin ] --START--
INFO: Run Behavior\ReadHtmlCacheBehavior [ RunTime:0.001000s ]
INFO: [ app_begin ] --END-- [ RunTime:0.001000s ]
ERR: SQLSTATE[HY000] [1045] Access denied for user 'root'@'localhost' (using password: YES)

[ 2017-04-18T15:54:53+08:00 ] 192.168.4.119 /Home/SkuDetail/index
INFO: [ app_init ] --START--
INFO: Run Behavior\BuildLiteBehavior [ RunTime:0.000000s ]
INFO: [ app_init ] --END-- [ RunTime:0.000000s ]
INFO: [ app_begin ] --START--
INFO: Run Behavior\ReadHtmlCacheBehavior [ RunTime:0.001000s ]
INFO: [ app_begin ] --END-- [ RunTime:0.001000s ]
ERR: SQLSTATE[HY000] [1045] Access denied for user 'root'@'localhost' (using password: YES)

[ 2017-04-18T15:55:09+08:00 ] 192.168.4.119 /
INFO: [ app_init ] --START--
INFO: Run Behavior\BuildLiteBehavior [ RunTime:0.000000s ]
INFO: [ app_init ] --END-- [ RunTime:0.001000s ]
INFO: [ app_begin ] --START--
INFO: Run Behavior\ReadHtmlCacheBehavior [ RunTime:0.000000s ]
INFO: [ app_begin ] --END-- [ RunTime:0.000000s ]
NOTIC: [2] Missing argument 1 for Think\Controller::show(), called in E:\CMAS\Application\Home\Controller\IndexController.class.php on line 6 and defined E:\CMAS\ThinkPHP\Library\Think\Controller.class.php 第 68 行.
NOTIC: [8] Undefined variable: content E:\CMAS\ThinkPHP\Library\Think\Controller.class.php 第 69 行.
INFO: [ view_parse ] --START--
INFO: [ template_filter ] --START--
INFO: Run Behavior\ContentReplaceBehavior [ RunTime:0.000000s ]
INFO: [ template_filter ] --END-- [ RunTime:0.000000s ]
INFO: Run Behavior\ParseTemplateBehavior [ RunTime:0.013000s ]
INFO: [ view_parse ] --END-- [ RunTime:0.013000s ]
INFO: [ view_filter ] --START--
INFO: Run Behavior\WriteHtmlCacheBehavior [ RunTime:0.000000s ]
INFO: [ view_filter ] --END-- [ RunTime:0.000000s ]
INFO: [ app_end ] --START--
INFO: Run Behavior\ShowPageTraceBehavior [ RunTime:0.000000s ]
INFO: [ app_end ] --END-- [ RunTime:0.001000s ]

[ 2017-04-18T15:55:22+08:00 ] ::1 /Home/SkuDetail/index
INFO: [ app_init ] --START--
INFO: Run Behavior\BuildLiteBehavior [ RunTime:0.000000s ]
INFO: [ app_init ] --END-- [ RunTime:0.000000s ]
INFO: [ app_begin ] --START--
INFO: Run Behavior\ReadHtmlCacheBehavior [ RunTime:0.001000s ]
INFO: [ app_begin ] --END-- [ RunTime:0.001000s ]
ERR: SQLSTATE[HY000] [1045] Access denied for user 'root'@'localhost' (using password: YES)

[ 2017-04-18T15:55:58+08:00 ] 192.168.4.119 /Home/SkuDetail/index
INFO: [ app_init ] --START--
INFO: Run Behavior\BuildLiteBehavior [ RunTime:0.000000s ]
INFO: [ app_init ] --END-- [ RunTime:0.000000s ]
INFO: [ app_begin ] --START--
INFO: Run Behavior\ReadHtmlCacheBehavior [ RunTime:0.000000s ]
INFO: [ app_begin ] --END-- [ RunTime:0.000000s ]
SQL: SHOW COLUMNS FROM `think_sku_detail` [ RunTime:0.0030s ]
SQL: SELECT * FROM `think_sku_detail`  [ RunTime:0.0000s ]
INFO: [ view_parse ] --START--
INFO: [ template_filter ] --START--
INFO: Run Behavior\ContentReplaceBehavior [ RunTime:0.000000s ]
INFO: [ template_filter ] --END-- [ RunTime:0.000000s ]
INFO: Run Behavior\ParseTemplateBehavior [ RunTime:0.000000s ]
INFO: [ view_parse ] --END-- [ RunTime:0.000000s ]
INFO: [ view_filter ] --START--
INFO: Run Behavior\WriteHtmlCacheBehavior [ RunTime:0.000000s ]
INFO: [ view_filter ] --END-- [ RunTime:0.000000s ]
INFO: [ app_end ] --START--
INFO: Run Behavior\ShowPageTraceBehavior [ RunTime:0.000000s ]
INFO: [ app_end ] --END-- [ RunTime:0.000000s ]

[ 2017-04-18T15:56:01+08:00 ] 192.168.4.119 /Home/SkuDetail/calculate?id=19
INFO: [ app_init ] --START--
INFO: Run Behavior\BuildLiteBehavior [ RunTime:0.000000s ]
INFO: [ app_init ] --END-- [ RunTime:0.000000s ]
INFO: [ app_begin ] --START--
INFO: Run Behavior\ReadHtmlCacheBehavior [ RunTime:0.001000s ]
INFO: [ app_begin ] --END-- [ RunTime:0.001000s ]
SQL: SHOW COLUMNS FROM `think_sku_detail` [ RunTime:0.0060s ]
SQL: SELECT * FROM `think_sku_detail` WHERE ( id=19 ) LIMIT 1   [ RunTime:0.0000s ]
SQL: SHOW COLUMNS FROM `think_fba_fee` [ RunTime:0.0070s ]
SQL: SELECT * FROM `think_fba_fee` WHERE `sale_domain` IN ('英国','德国')  [ RunTime:0.0000s ]
SQL: SHOW COLUMNS FROM `think_change_rate` [ RunTime:0.0000s ]
SQL: SELECT * FROM `think_change_rate` WHERE `date` = '2017-04-18' AND `from_Currency` = 'GBP' AND `to_Currency` = 'CNY' LIMIT 1   [ RunTime:0.0000s ]
SQL: SELECT * FROM `think_change_rate` WHERE `date` = '2017-04-18' AND `from_Currency` = 'EUR' AND `to_Currency` = 'CNY' LIMIT 1   [ RunTime:0.0000s ]
INFO: [ view_parse ] --START--
INFO: [ template_filter ] --START--
INFO: Run Behavior\ContentReplaceBehavior [ RunTime:0.000000s ]
INFO: [ template_filter ] --END-- [ RunTime:0.000000s ]
INFO: Run Behavior\ParseTemplateBehavior [ RunTime:0.000000s ]
INFO: [ view_parse ] --END-- [ RunTime:0.000000s ]
INFO: [ view_filter ] --START--
INFO: Run Behavior\WriteHtmlCacheBehavior [ RunTime:0.015600s ]
INFO: [ view_filter ] --END-- [ RunTime:0.015600s ]
INFO: [ app_end ] --START--
INFO: Run Behavior\ShowPageTraceBehavior [ RunTime:0.001000s ]
INFO: [ app_end ] --END-- [ RunTime:0.001000s ]

[ 2017-04-18T16:00:22+08:00 ] ::1 /Home/SkuDetail/index
INFO: [ app_init ] --START--
INFO: Run Behavior\BuildLiteBehavior [ RunTime:0.000000s ]
INFO: [ app_init ] --END-- [ RunTime:0.000000s ]
INFO: [ app_begin ] --START--
INFO: Run Behavior\ReadHtmlCacheBehavior [ RunTime:0.000000s ]
INFO: [ app_begin ] --END-- [ RunTime:0.000000s ]
SQL: SHOW COLUMNS FROM `think_sku_detail` [ RunTime:0.0070s ]
SQL: SELECT * FROM `think_sku_detail`  [ RunTime:0.0010s ]
INFO: [ view_parse ] --START--
INFO: [ template_filter ] --START--
INFO: Run Behavior\ContentReplaceBehavior [ RunTime:0.000000s ]
INFO: [ template_filter ] --END-- [ RunTime:0.000000s ]
INFO: Run Behavior\ParseTemplateBehavior [ RunTime:0.010000s ]
INFO: [ view_parse ] --END-- [ RunTime:0.010000s ]
INFO: [ view_filter ] --START--
INFO: Run Behavior\WriteHtmlCacheBehavior [ RunTime:0.000000s ]
INFO: [ view_filter ] --END-- [ RunTime:0.000000s ]
INFO: [ app_end ] --START--
INFO: Run Behavior\ShowPageTraceBehavior [ RunTime:0.000000s ]
INFO: [ app_end ] --END-- [ RunTime:0.000000s ]

[ 2017-04-18T16:09:17+08:00 ] 192.168.4.119 /home/skuDetail/getSkuData
INFO: [ app_init ] --START--
INFO: Run Behavior\BuildLiteBehavior [ RunTime:0.000000s ]
INFO: [ app_init ] --END-- [ RunTime:0.000000s ]
INFO: [ app_begin ] --START--
INFO: Run Behavior\ReadHtmlCacheBehavior [ RunTime:0.000000s ]
INFO: [ app_begin ] --END-- [ RunTime:0.000000s ]
SQL: SHOW COLUMNS FROM `think_sku_detail` [ RunTime:0.0060s ]
SQL: SELECT * FROM `think_sku_detail`  [ RunTime:0.0000s ]

[ 2017-04-18T16:13:45+08:00 ] 192.168.4.119 /home/skuDetail/getSkuData
INFO: [ app_init ] --START--
INFO: Run Behavior\BuildLiteBehavior [ RunTime:0.000000s ]
INFO: [ app_init ] --END-- [ RunTime:0.000000s ]
INFO: [ app_begin ] --START--
INFO: Run Behavior\ReadHtmlCacheBehavior [ RunTime:0.000000s ]
INFO: [ app_begin ] --END-- [ RunTime:0.001000s ]
SQL: SHOW COLUMNS FROM `think_sku_detail` [ RunTime:0.0060s ]
SQL: SELECT * FROM `think_sku_detail`  [ RunTime:0.0010s ]

[ 2017-04-18T16:13:48+08:00 ] 192.168.4.119 /home/skuDetail/getSkuData
INFO: [ app_init ] --START--
INFO: Run Behavior\BuildLiteBehavior [ RunTime:0.000000s ]
INFO: [ app_init ] --END-- [ RunTime:0.000000s ]
INFO: [ app_begin ] --START--
INFO: Run Behavior\ReadHtmlCacheBehavior [ RunTime:0.000000s ]
INFO: [ app_begin ] --END-- [ RunTime:0.000000s ]
SQL: SHOW COLUMNS FROM `think_sku_detail` [ RunTime:0.0070s ]
SQL: SELECT * FROM `think_sku_detail`  [ RunTime:0.0000s ]

[ 2017-04-18T16:13:52+08:00 ] 192.168.4.119 /home/skuDetail/getSkuData
INFO: [ app_init ] --START--
INFO: Run Behavior\BuildLiteBehavior [ RunTime:0.000000s ]
INFO: [ app_init ] --END-- [ RunTime:0.001000s ]
INFO: [ app_begin ] --START--
INFO: Run Behavior\ReadHtmlCacheBehavior [ RunTime:0.000000s ]
INFO: [ app_begin ] --END-- [ RunTime:0.000000s ]
SQL: SHOW COLUMNS FROM `think_sku_detail` [ RunTime:0.0060s ]
SQL: SELECT * FROM `think_sku_detail`  [ RunTime:0.0000s ]

[ 2017-04-18T16:14:09+08:00 ] 192.168.4.119 /home/skuDetail/getSkuData
INFO: [ app_init ] --START--
INFO: Run Behavior\BuildLiteBehavior [ RunTime:0.000000s ]
INFO: [ app_init ] --END-- [ RunTime:0.000000s ]
INFO: [ app_begin ] --START--
INFO: Run Behavior\ReadHtmlCacheBehavior [ RunTime:0.001000s ]
INFO: [ app_begin ] --END-- [ RunTime:0.001000s ]
SQL: SHOW COLUMNS FROM `think_sku_detail` [ RunTime:0.0060s ]
SQL: SELECT * FROM `think_sku_detail`  [ RunTime:0.0010s ]

[ 2017-04-18T16:14:33+08:00 ] 192.168.4.119 /home/skuDetail/getSkuData
INFO: [ app_init ] --START--
INFO: Run Behavior\BuildLiteBehavior [ RunTime:0.000000s ]
INFO: [ app_init ] --END-- [ RunTime:0.000000s ]
INFO: [ app_begin ] --START--
INFO: Run Behavior\ReadHtmlCacheBehavior [ RunTime:0.001000s ]
INFO: [ app_begin ] --END-- [ RunTime:0.001000s ]
SQL: SHOW COLUMNS FROM `think_sku_detail` [ RunTime:0.0070s ]
SQL: SELECT * FROM `think_sku_detail`  [ RunTime:0.0000s ]

[ 2017-04-18T16:14:56+08:00 ] 192.168.4.119 /home/skuDetail/getSkuData
INFO: [ app_init ] --START--
INFO: Run Behavior\BuildLiteBehavior [ RunTime:0.000000s ]
INFO: [ app_init ] --END-- [ RunTime:0.000000s ]
INFO: [ app_begin ] --START--
INFO: Run Behavior\ReadHtmlCacheBehavior [ RunTime:0.000000s ]
INFO: [ app_begin ] --END-- [ RunTime:0.000000s ]
SQL: SHOW COLUMNS FROM `think_sku_detail` [ RunTime:0.0060s ]
SQL: SELECT * FROM `think_sku_detail`  [ RunTime:0.0010s ]

[ 2017-04-18T16:15:09+08:00 ] 192.168.4.119 /home/skuDetail/getSkuData
INFO: [ app_init ] --START--
INFO: Run Behavior\BuildLiteBehavior [ RunTime:0.000000s ]
INFO: [ app_init ] --END-- [ RunTime:0.000000s ]
INFO: [ app_begin ] --START--
INFO: Run Behavior\ReadHtmlCacheBehavior [ RunTime:0.000000s ]
INFO: [ app_begin ] --END-- [ RunTime:0.000000s ]
SQL: SHOW COLUMNS FROM `think_sku_detail` [ RunTime:0.0060s ]
SQL: SELECT * FROM `think_sku_detail`  [ RunTime:0.0000s ]

[ 2017-04-18T16:15:10+08:00 ] 192.168.4.119 /home/skuDetail/calculate
INFO: [ app_init ] --START--
INFO: Run Behavior\BuildLiteBehavior [ RunTime:0.000000s ]
INFO: [ app_init ] --END-- [ RunTime:0.000000s ]
INFO: [ app_begin ] --START--
INFO: Run Behavior\ReadHtmlCacheBehavior [ RunTime:0.001000s ]
INFO: [ app_begin ] --END-- [ RunTime:0.001000s ]

[ 2017-04-18T16:15:34+08:00 ] 192.168.4.119 /home/skuDetail/getSkuData
INFO: [ app_init ] --START--
INFO: Run Behavior\BuildLiteBehavior [ RunTime:0.000000s ]
INFO: [ app_init ] --END-- [ RunTime:0.000000s ]
INFO: [ app_begin ] --START--
INFO: Run Behavior\ReadHtmlCacheBehavior [ RunTime:0.000000s ]
INFO: [ app_begin ] --END-- [ RunTime:0.000000s ]
SQL: SHOW COLUMNS FROM `think_sku_detail` [ RunTime:0.0040s ]
SQL: SELECT * FROM `think_sku_detail`  [ RunTime:0.0010s ]

[ 2017-04-18T16:15:36+08:00 ] 192.168.4.119 /home/skuDetail/calculate?id=19
INFO: [ app_init ] --START--
INFO: Run Behavior\BuildLiteBehavior [ RunTime:0.000000s ]
INFO: [ app_init ] --END-- [ RunTime:0.001000s ]
INFO: [ app_begin ] --START--
INFO: Run Behavior\ReadHtmlCacheBehavior [ RunTime:0.000000s ]
INFO: [ app_begin ] --END-- [ RunTime:0.000000s ]
SQL: SHOW COLUMNS FROM `think_sku_detail` [ RunTime:0.0060s ]
SQL: SELECT * FROM `think_sku_detail` WHERE ( id=19 ) LIMIT 1   [ RunTime:0.0000s ]
SQL: SHOW COLUMNS FROM `think_fba_fee` [ RunTime:0.0060s ]
SQL: SELECT * FROM `think_fba_fee`  [ RunTime:0.0010s ]
SQL: SHOW COLUMNS FROM `think_change_rate` [ RunTime:0.0030s ]
SQL: SELECT * FROM `think_change_rate` WHERE `date` = '2017-04-18' AND `from_Currency` = 'GBP' AND `to_Currency` = 'CNY' LIMIT 1   [ RunTime:0.0000s ]
SQL: SELECT * FROM `think_change_rate` WHERE `date` = '2017-04-18' AND `from_Currency` = 'EUR' AND `to_Currency` = 'CNY' LIMIT 1   [ RunTime:0.0000s ]
SQL: SELECT * FROM `think_change_rate` WHERE `date` = '2017-04-18' AND `from_Currency` = 'EUR' AND `to_Currency` = 'CNY' LIMIT 1   [ RunTime:0.0000s ]
SQL: SELECT * FROM `think_change_rate` WHERE `date` = '2017-04-18' AND `from_Currency` = 'EUR' AND `to_Currency` = 'CNY' LIMIT 1   [ RunTime:0.0000s ]
SQL: SELECT * FROM `think_change_rate` WHERE `date` = '2017-04-18' AND `from_Currency` = 'EUR' AND `to_Currency` = 'CNY' LIMIT 1   [ RunTime:0.0000s ]
INFO: [ view_parse ] --START--
INFO: [ template_filter ] --START--
INFO: Run Behavior\ContentReplaceBehavior [ RunTime:0.000000s ]
INFO: [ template_filter ] --END-- [ RunTime:0.000000s ]
INFO: Run Behavior\ParseTemplateBehavior [ RunTime:0.000000s ]
INFO: [ view_parse ] --END-- [ RunTime:0.000000s ]
INFO: [ view_filter ] --START--
INFO: Run Behavior\WriteHtmlCacheBehavior [ RunTime:0.000000s ]
INFO: [ view_filter ] --END-- [ RunTime:0.000000s ]
INFO: [ app_end ] --START--
INFO: Run Behavior\ShowPageTraceBehavior [ RunTime:0.000000s ]
INFO: [ app_end ] --END-- [ RunTime:0.000000s ]

[ 2017-04-18T16:16:58+08:00 ] ::1 /Home/SkuDetail/calculate?id=19
INFO: [ app_init ] --START--
INFO: Run Behavior\BuildLiteBehavior [ RunTime:0.000000s ]
INFO: [ app_init ] --END-- [ RunTime:0.000000s ]
INFO: [ app_begin ] --START--
INFO: Run Behavior\ReadHtmlCacheBehavior [ RunTime:0.000000s ]
INFO: [ app_begin ] --END-- [ RunTime:0.000000s ]
SQL: SHOW COLUMNS FROM `think_sku_detail` [ RunTime:0.0060s ]
SQL: SELECT * FROM `think_sku_detail` WHERE ( id=19 ) LIMIT 1   [ RunTime:0.0010s ]
SQL: SHOW COLUMNS FROM `think_fba_fee` [ RunTime:0.0060s ]
SQL: SELECT * FROM `think_fba_fee`  [ RunTime:0.0010s ]
SQL: SHOW COLUMNS FROM `think_change_rate` [ RunTime:0.0060s ]
SQL: SELECT * FROM `think_change_rate` WHERE `date` = '2017-04-18' AND `from_Currency` = 'GBP' AND `to_Currency` = 'CNY' LIMIT 1   [ RunTime:0.0000s ]
SQL: SELECT * FROM `think_change_rate` WHERE `date` = '2017-04-18' AND `from_Currency` = 'EUR' AND `to_Currency` = 'CNY' LIMIT 1   [ RunTime:0.0000s ]
SQL: SELECT * FROM `think_change_rate` WHERE `date` = '2017-04-18' AND `from_Currency` = 'EUR' AND `to_Currency` = 'CNY' LIMIT 1   [ RunTime:0.0000s ]
SQL: SELECT * FROM `think_change_rate` WHERE `date` = '2017-04-18' AND `from_Currency` = 'EUR' AND `to_Currency` = 'CNY' LIMIT 1   [ RunTime:0.0000s ]
SQL: SELECT * FROM `think_change_rate` WHERE `date` = '2017-04-18' AND `from_Currency` = 'EUR' AND `to_Currency` = 'CNY' LIMIT 1   [ RunTime:0.0000s ]
INFO: [ view_parse ] --START--
INFO: [ template_filter ] --START--
INFO: Run Behavior\ContentReplaceBehavior [ RunTime:0.000000s ]
INFO: [ template_filter ] --END-- [ RunTime:0.000000s ]
INFO: Run Behavior\ParseTemplateBehavior [ RunTime:0.008000s ]
INFO: [ view_parse ] --END-- [ RunTime:0.008000s ]
INFO: [ view_filter ] --START--
INFO: Run Behavior\WriteHtmlCacheBehavior [ RunTime:0.000000s ]
INFO: [ view_filter ] --END-- [ RunTime:0.000000s ]
INFO: [ app_end ] --START--
INFO: Run Behavior\ShowPageTraceBehavior [ RunTime:0.001000s ]
INFO: [ app_end ] --END-- [ RunTime:0.001000s ]

[ 2017-04-18T16:17:59+08:00 ] ::1 /Home/SkuDetail/calculate?id=19
INFO: [ app_init ] --START--
INFO: Run Behavior\BuildLiteBehavior [ RunTime:0.000000s ]
INFO: [ app_init ] --END-- [ RunTime:0.001000s ]
INFO: [ app_begin ] --START--
INFO: Run Behavior\ReadHtmlCacheBehavior [ RunTime:0.001000s ]
INFO: [ app_begin ] --END-- [ RunTime:0.001000s ]
SQL: SHOW COLUMNS FROM `think_sku_detail` [ RunTime:0.0060s ]
SQL: SELECT * FROM `think_sku_detail` WHERE ( id=19 ) LIMIT 1   [ RunTime:0.0010s ]
SQL: SHOW COLUMNS FROM `think_fba_fee` [ RunTime:0.0060s ]
SQL: SELECT * FROM `think_fba_fee`  [ RunTime:0.0010s ]
SQL: SHOW COLUMNS FROM `think_change_rate` [ RunTime:0.0070s ]
SQL: SELECT * FROM `think_change_rate` WHERE `date` = '2017-04-18' AND `from_Currency` = 'GBP' AND `to_Currency` = 'CNY' LIMIT 1   [ RunTime:0.0000s ]
SQL: SELECT * FROM `think_change_rate` WHERE `date` = '2017-04-18' AND `from_Currency` = 'EUR' AND `to_Currency` = 'CNY' LIMIT 1   [ RunTime:0.0000s ]
SQL: SELECT * FROM `think_change_rate` WHERE `date` = '2017-04-18' AND `from_Currency` = 'EUR' AND `to_Currency` = 'CNY' LIMIT 1   [ RunTime:0.0000s ]
SQL: SELECT * FROM `think_change_rate` WHERE `date` = '2017-04-18' AND `from_Currency` = 'EUR' AND `to_Currency` = 'CNY' LIMIT 1   [ RunTime:0.0000s ]
SQL: SELECT * FROM `think_change_rate` WHERE `date` = '2017-04-18' AND `from_Currency` = 'EUR' AND `to_Currency` = 'CNY' LIMIT 1   [ RunTime:0.0000s ]

[ 2017-04-18T16:19:07+08:00 ] ::1 /Home/SkuDetail/calculate?id=19
INFO: [ app_init ] --START--
INFO: Run Behavior\BuildLiteBehavior [ RunTime:0.000000s ]
INFO: [ app_init ] --END-- [ RunTime:0.000000s ]
INFO: [ app_begin ] --START--
INFO: Run Behavior\ReadHtmlCacheBehavior [ RunTime:0.001000s ]
INFO: [ app_begin ] --END-- [ RunTime:0.001000s ]
SQL: SHOW COLUMNS FROM `think_sku_detail` [ RunTime:0.0060s ]
SQL: SELECT * FROM `think_sku_detail` WHERE ( id=19 ) LIMIT 1   [ RunTime:0.0010s ]
SQL: SHOW COLUMNS FROM `think_fba_fee` [ RunTime:0.0070s ]
SQL: SELECT * FROM `think_fba_fee`  [ RunTime:0.0010s ]
SQL: SHOW COLUMNS FROM `think_change_rate` [ RunTime:0.0070s ]
SQL: SELECT * FROM `think_change_rate` WHERE `date` = '2017-04-18' AND `from_Currency` = 'GBP' AND `to_Currency` = 'CNY' LIMIT 1   [ RunTime:0.0010s ]
SQL: SELECT * FROM `think_change_rate` WHERE `date` = '2017-04-18' AND `from_Currency` = 'EUR' AND `to_Currency` = 'CNY' LIMIT 1   [ RunTime:0.0000s ]
SQL: SELECT * FROM `think_change_rate` WHERE `date` = '2017-04-18' AND `from_Currency` = 'EUR' AND `to_Currency` = 'CNY' LIMIT 1   [ RunTime:0.0010s ]
SQL: SELECT * FROM `think_change_rate` WHERE `date` = '2017-04-18' AND `from_Currency` = 'EUR' AND `to_Currency` = 'CNY' LIMIT 1   [ RunTime:0.0000s ]
SQL: SELECT * FROM `think_change_rate` WHERE `date` = '2017-04-18' AND `from_Currency` = 'EUR' AND `to_Currency` = 'CNY' LIMIT 1   [ RunTime:0.0000s ]

[ 2017-04-18T16:19:10+08:00 ] ::1 /Home/SkuDetail/calculate?id=19
INFO: [ app_init ] --START--
INFO: Run Behavior\BuildLiteBehavior [ RunTime:0.000000s ]
INFO: [ app_init ] --END-- [ RunTime:0.000000s ]
INFO: [ app_begin ] --START--
INFO: Run Behavior\ReadHtmlCacheBehavior [ RunTime:0.000000s ]
INFO: [ app_begin ] --END-- [ RunTime:0.000000s ]
SQL: SHOW COLUMNS FROM `think_sku_detail` [ RunTime:0.0070s ]
SQL: SELECT * FROM `think_sku_detail` WHERE ( id=19 ) LIMIT 1   [ RunTime:0.0000s ]
SQL: SHOW COLUMNS FROM `think_fba_fee` [ RunTime:0.0070s ]
SQL: SELECT * FROM `think_fba_fee`  [ RunTime:0.0010s ]
SQL: SHOW COLUMNS FROM `think_change_rate` [ RunTime:0.0070s ]
SQL: SELECT * FROM `think_change_rate` WHERE `date` = '2017-04-18' AND `from_Currency` = 'GBP' AND `to_Currency` = 'CNY' LIMIT 1   [ RunTime:0.0010s ]
SQL: SELECT * FROM `think_change_rate` WHERE `date` = '2017-04-18' AND `from_Currency` = 'EUR' AND `to_Currency` = 'CNY' LIMIT 1   [ RunTime:0.0000s ]
SQL: SELECT * FROM `think_change_rate` WHERE `date` = '2017-04-18' AND `from_Currency` = 'EUR' AND `to_Currency` = 'CNY' LIMIT 1   [ RunTime:0.0000s ]
SQL: SELECT * FROM `think_change_rate` WHERE `date` = '2017-04-18' AND `from_Currency` = 'EUR' AND `to_Currency` = 'CNY' LIMIT 1   [ RunTime:0.0010s ]
SQL: SELECT * FROM `think_change_rate` WHERE `date` = '2017-04-18' AND `from_Currency` = 'EUR' AND `to_Currency` = 'CNY' LIMIT 1   [ RunTime:0.0000s ]

[ 2017-04-18T16:21:24+08:00 ] 192.168.4.119 /home/skuDetail/calculate?id=19
INFO: [ app_init ] --START--
INFO: Run Behavior\BuildLiteBehavior [ RunTime:0.000000s ]
INFO: [ app_init ] --END-- [ RunTime:0.000000s ]
INFO: [ app_begin ] --START--
INFO: Run Behavior\ReadHtmlCacheBehavior [ RunTime:0.000000s ]
INFO: [ app_begin ] --END-- [ RunTime:0.000000s ]
SQL: SHOW COLUMNS FROM `think_sku_detail` [ RunTime:0.0040s ]
SQL: SELECT * FROM `think_sku_detail` WHERE ( id=19 ) LIMIT 1   [ RunTime:0.0000s ]
SQL: SHOW COLUMNS FROM `think_fba_fee` [ RunTime:0.0000s ]
SQL: SELECT * FROM `think_fba_fee`  [ RunTime:0.0000s ]
SQL: SHOW COLUMNS FROM `think_change_rate` [ RunTime:0.0156s ]
SQL: SELECT * FROM `think_change_rate` WHERE `date` = '2017-04-18' AND `from_Currency` = 'GBP' AND `to_Currency` = 'CNY' LIMIT 1   [ RunTime:0.0000s ]
SQL: SELECT * FROM `think_change_rate` WHERE `date` = '2017-04-18' AND `from_Currency` = 'EUR' AND `to_Currency` = 'CNY' LIMIT 1   [ RunTime:0.0000s ]
SQL: SELECT * FROM `think_change_rate` WHERE `date` = '2017-04-18' AND `from_Currency` = 'EUR' AND `to_Currency` = 'CNY' LIMIT 1   [ RunTime:0.0000s ]
SQL: SELECT * FROM `think_change_rate` WHERE `date` = '2017-04-18' AND `from_Currency` = 'EUR' AND `to_Currency` = 'CNY' LIMIT 1   [ RunTime:0.0000s ]
SQL: SELECT * FROM `think_change_rate` WHERE `date` = '2017-04-18' AND `from_Currency` = 'EUR' AND `to_Currency` = 'CNY' LIMIT 1   [ RunTime:0.0000s ]

[ 2017-04-18T16:33:19+08:00 ] 192.168.4.119 /home/skuDetail/calculate?id=19
INFO: [ app_init ] --START--
INFO: Run Behavior\BuildLiteBehavior [ RunTime:0.000000s ]
INFO: [ app_init ] --END-- [ RunTime:0.000000s ]
INFO: [ app_begin ] --START--
INFO: Run Behavior\ReadHtmlCacheBehavior [ RunTime:0.000000s ]
INFO: [ app_begin ] --END-- [ RunTime:0.000000s ]
SQL: SHOW COLUMNS FROM `think_sku_detail` [ RunTime:0.0060s ]
SQL: SELECT * FROM `think_sku_detail` WHERE ( id=19 ) LIMIT 1   [ RunTime:0.0000s ]
SQL: SHOW COLUMNS FROM `think_fba_fee` [ RunTime:0.0060s ]
SQL: SELECT * FROM `think_fba_fee`  [ RunTime:0.0000s ]
SQL: SHOW COLUMNS FROM `think_change_rate` [ RunTime:0.0060s ]
SQL: SELECT * FROM `think_change_rate` WHERE `date` = '2017-04-18' AND `from_Currency` = 'GBP' AND `to_Currency` = 'CNY' LIMIT 1   [ RunTime:0.0000s ]
SQL: SELECT * FROM `think_change_rate` WHERE `date` = '2017-04-18' AND `from_Currency` = 'EUR' AND `to_Currency` = 'CNY' LIMIT 1   [ RunTime:0.0000s ]
SQL: SELECT * FROM `think_change_rate` WHERE `date` = '2017-04-18' AND `from_Currency` = 'EUR' AND `to_Currency` = 'CNY' LIMIT 1   [ RunTime:0.0000s ]
SQL: SELECT * FROM `think_change_rate` WHERE `date` = '2017-04-18' AND `from_Currency` = 'EUR' AND `to_Currency` = 'CNY' LIMIT 1   [ RunTime:0.0000s ]
SQL: SELECT * FROM `think_change_rate` WHERE `date` = '2017-04-18' AND `from_Currency` = 'EUR' AND `to_Currency` = 'CNY' LIMIT 1   [ RunTime:0.0000s ]

[ 2017-04-18T16:34:45+08:00 ] 192.168.4.119 /home/skuDetail/calculate?id=19
INFO: [ app_init ] --START--
INFO: Run Behavior\BuildLiteBehavior [ RunTime:0.000000s ]
INFO: [ app_init ] --END-- [ RunTime:0.000000s ]
INFO: [ app_begin ] --START--
INFO: Run Behavior\ReadHtmlCacheBehavior [ RunTime:0.001000s ]
INFO: [ app_begin ] --END-- [ RunTime:0.001000s ]
SQL: SHOW COLUMNS FROM `think_sku_detail` [ RunTime:0.0050s ]
SQL: SELECT * FROM `think_sku_detail` WHERE ( id=19 ) LIMIT 1   [ RunTime:0.0000s ]
SQL: SHOW COLUMNS FROM `think_fba_fee` [ RunTime:0.0000s ]
SQL: SELECT * FROM `think_fba_fee`  [ RunTime:0.0000s ]
SQL: SHOW COLUMNS FROM `think_change_rate` [ RunTime:0.0156s ]
SQL: SELECT * FROM `think_change_rate` WHERE `date` = '2017-04-18' AND `from_Currency` = 'GBP' AND `to_Currency` = 'CNY' LIMIT 1   [ RunTime:0.0000s ]
SQL: SELECT * FROM `think_change_rate` WHERE `date` = '2017-04-18' AND `from_Currency` = 'EUR' AND `to_Currency` = 'CNY' LIMIT 1   [ RunTime:0.0000s ]
SQL: SELECT * FROM `think_change_rate` WHERE `date` = '2017-04-18' AND `from_Currency` = 'EUR' AND `to_Currency` = 'CNY' LIMIT 1   [ RunTime:0.0000s ]
SQL: SELECT * FROM `think_change_rate` WHERE `date` = '2017-04-18' AND `from_Currency` = 'EUR' AND `to_Currency` = 'CNY' LIMIT 1   [ RunTime:0.0000s ]
SQL: SELECT * FROM `think_change_rate` WHERE `date` = '2017-04-18' AND `from_Currency` = 'EUR' AND `to_Currency` = 'CNY' LIMIT 1   [ RunTime:0.0000s ]

[ 2017-04-18T16:34:54+08:00 ] 192.168.4.115 /index.php
INFO: [ app_init ] --START--
INFO: Run Behavior\BuildLiteBehavior [ RunTime:0.000000s ]
INFO: [ app_init ] --END-- [ RunTime:0.000000s ]
INFO: [ app_begin ] --START--
INFO: Run Behavior\ReadHtmlCacheBehavior [ RunTime:0.000000s ]
INFO: [ app_begin ] --END-- [ RunTime:0.000000s ]
NOTIC: [2] Missing argument 1 for Think\Controller::show(), called in E:\CMAS\Application\Home\Controller\IndexController.class.php on line 6 and defined E:\CMAS\ThinkPHP\Library\Think\Controller.class.php 第 68 行.
NOTIC: [8] Undefined variable: content E:\CMAS\ThinkPHP\Library\Think\Controller.class.php 第 69 行.
INFO: [ view_parse ] --START--
INFO: [ template_filter ] --START--
INFO: Run Behavior\ContentReplaceBehavior [ RunTime:0.000000s ]
INFO: [ template_filter ] --END-- [ RunTime:0.000000s ]
INFO: Run Behavior\ParseTemplateBehavior [ RunTime:0.015001s ]
INFO: [ view_parse ] --END-- [ RunTime:0.015001s ]
INFO: [ view_filter ] --START--
INFO: Run Behavior\WriteHtmlCacheBehavior [ RunTime:0.000000s ]
INFO: [ view_filter ] --END-- [ RunTime:0.000000s ]
INFO: [ app_end ] --START--
INFO: Run Behavior\ShowPageTraceBehavior [ RunTime:0.001000s ]
INFO: [ app_end ] --END-- [ RunTime:0.001000s ]

[ 2017-04-18T16:34:59+08:00 ] 192.168.4.119 /home/skuDetail/calculate?id=19
INFO: [ app_init ] --START--
INFO: Run Behavior\BuildLiteBehavior [ RunTime:0.000000s ]
INFO: [ app_init ] --END-- [ RunTime:0.000000s ]
INFO: [ app_begin ] --START--
INFO: Run Behavior\ReadHtmlCacheBehavior [ RunTime:0.001000s ]
INFO: [ app_begin ] --END-- [ RunTime:0.001000s ]
SQL: SHOW COLUMNS FROM `think_sku_detail` [ RunTime:0.0070s ]
SQL: SELECT * FROM `think_sku_detail` WHERE ( id=19 ) LIMIT 1   [ RunTime:0.0000s ]
SQL: SHOW COLUMNS FROM `think_fba_fee` [ RunTime:0.0070s ]
SQL: SELECT * FROM `think_fba_fee`  [ RunTime:0.0010s ]
SQL: SHOW COLUMNS FROM `think_change_rate` [ RunTime:0.0060s ]
SQL: SELECT * FROM `think_change_rate` WHERE `date` = '2017-04-18' AND `from_Currency` = 'GBP' AND `to_Currency` = 'CNY' LIMIT 1   [ RunTime:0.0000s ]
SQL: SELECT * FROM `think_change_rate` WHERE `date` = '2017-04-18' AND `from_Currency` = 'EUR' AND `to_Currency` = 'CNY' LIMIT 1   [ RunTime:0.0000s ]
SQL: SELECT * FROM `think_change_rate` WHERE `date` = '2017-04-18' AND `from_Currency` = 'EUR' AND `to_Currency` = 'CNY' LIMIT 1   [ RunTime:0.0000s ]
SQL: SELECT * FROM `think_change_rate` WHERE `date` = '2017-04-18' AND `from_Currency` = 'EUR' AND `to_Currency` = 'CNY' LIMIT 1   [ RunTime:0.0000s ]
SQL: SELECT * FROM `think_change_rate` WHERE `date` = '2017-04-18' AND `from_Currency` = 'EUR' AND `to_Currency` = 'CNY' LIMIT 1   [ RunTime:0.0000s ]

